{"/Users/aleksandrkozlov/Desktop/react-contextmenu/src/AbstractMenu.js": {"path":"/Users/aleksandrkozlov/Desktop/react-contextmenu/src/AbstractMenu.js","statementMap":{"0":{"start":{"line":12,"column":8},"end":{"line":12,"column":21}},"1":{"start":{"line":14,"column":8},"end":{"line":14,"column":35}},"2":{"start":{"line":15,"column":8},"end":{"line":18,"column":10}},"3":{"start":{"line":24,"column":8},"end":{"line":26,"column":9}},"4":{"start":{"line":25,"column":12},"end":{"line":25,"column":19}},"5":{"start":{"line":28,"column":8},"end":{"line":65,"column":9}},"6":{"start":{"line":31,"column":16},"end":{"line":31,"column":35}},"7":{"start":{"line":32,"column":16},"end":{"line":32,"column":33}},"8":{"start":{"line":33,"column":16},"end":{"line":33,"column":22}},"9":{"start":{"line":35,"column":16},"end":{"line":35,"column":35}},"10":{"start":{"line":36,"column":16},"end":{"line":36,"column":42}},"11":{"start":{"line":37,"column":16},"end":{"line":37,"column":22}},"12":{"start":{"line":39,"column":16},"end":{"line":39,"column":35}},"13":{"start":{"line":40,"column":16},"end":{"line":40,"column":43}},"14":{"start":{"line":41,"column":16},"end":{"line":41,"column":22}},"15":{"start":{"line":43,"column":16},"end":{"line":43,"column":41}},"16":{"start":{"line":44,"column":16},"end":{"line":44,"column":22}},"17":{"start":{"line":46,"column":16},"end":{"line":46,"column":35}},"18":{"start":{"line":47,"column":16},"end":{"line":47,"column":41}},"19":{"start":{"line":50,"column":37},"end":{"line":52,"column":58}},"20":{"start":{"line":54,"column":20},"end":{"line":60,"column":21}},"21":{"start":{"line":57,"column":24},"end":{"line":57,"column":56}},"22":{"start":{"line":59,"column":24},"end":{"line":59,"column":41}},"23":{"start":{"line":62,"column":16},"end":{"line":62,"column":22}},"24":{"start":{"line":69,"column":8},"end":{"line":69,"column":51}},"25":{"start":{"line":73,"column":8},"end":{"line":76,"column":9}},"26":{"start":{"line":74,"column":12},"end":{"line":74,"column":31}},"27":{"start":{"line":75,"column":12},"end":{"line":75,"column":54}},"28":{"start":{"line":80,"column":33},"end":{"line":80,"column":43}},"29":{"start":{"line":81,"column":25},"end":{"line":81,"column":27}},"30":{"start":{"line":82,"column":36},"end":{"line":82,"column":37}},"31":{"start":{"line":83,"column":35},"end":{"line":83,"column":37}},"32":{"start":{"line":85,"column":31},"end":{"line":103,"column":9}},"33":{"start":{"line":88,"column":12},"end":{"line":90,"column":13}},"34":{"start":{"line":89,"column":16},"end":{"line":89,"column":23}},"35":{"start":{"line":92,"column":12},"end":{"line":102,"column":13}},"36":{"start":{"line":94,"column":16},"end":{"line":94,"column":77}},"37":{"start":{"line":95,"column":19},"end":{"line":102,"column":13}},"38":{"start":{"line":96,"column":16},"end":{"line":99,"column":17}},"39":{"start":{"line":97,"column":20},"end":{"line":97,"column":44}},"40":{"start":{"line":98,"column":20},"end":{"line":98,"column":55}},"41":{"start":{"line":101,"column":16},"end":{"line":101,"column":37}},"42":{"start":{"line":105,"column":8},"end":{"line":105,"column":68}},"43":{"start":{"line":106,"column":8},"end":{"line":109,"column":9}},"44":{"start":{"line":108,"column":12},"end":{"line":108,"column":19}},"45":{"start":{"line":112,"column":20},"end":{"line":112,"column":32}},"46":{"start":{"line":113,"column":35},"end":{"line":125,"column":13}},"47":{"start":{"line":114,"column":16},"end":{"line":118,"column":17}},"48":{"start":{"line":115,"column":20},"end":{"line":115,"column":24}},"49":{"start":{"line":117,"column":20},"end":{"line":117,"column":24}},"50":{"start":{"line":120,"column":16},"end":{"line":124,"column":17}},"51":{"start":{"line":121,"column":20},"end":{"line":121,"column":44}},"52":{"start":{"line":122,"column":23},"end":{"line":124,"column":17}},"53":{"start":{"line":123,"column":20},"end":{"line":123,"column":26}},"54":{"start":{"line":127,"column":12},"end":{"line":129,"column":68}},"55":{"start":{"line":128,"column":16},"end":{"line":128,"column":35}},"56":{"start":{"line":131,"column":12},"end":{"line":131,"column":49}},"57":{"start":{"line":134,"column":29},"end":{"line":134,"column":59}},"58":{"start":{"line":135,"column":38},"end":{"line":135,"column":77}},"59":{"start":{"line":137,"column":8},"end":{"line":142,"column":9}},"60":{"start":{"line":138,"column":12},"end":{"line":141,"column":15}},"61":{"start":{"line":146,"column":8},"end":{"line":148,"column":9}},"62":{"start":{"line":147,"column":12},"end":{"line":147,"column":76}},"63":{"start":{"line":152,"column":8},"end":{"line":152,"column":71}},"64":{"start":{"line":155,"column":33},"end":{"line":179,"column":6}},"65":{"start":{"line":156,"column":22},"end":{"line":156,"column":24}},"66":{"start":{"line":157,"column":8},"end":{"line":157,"column":55}},"67":{"start":{"line":157,"column":42},"end":{"line":157,"column":55}},"68":{"start":{"line":158,"column":8},"end":{"line":162,"column":9}},"69":{"start":{"line":160,"column":12},"end":{"line":160,"column":71}},"70":{"start":{"line":161,"column":12},"end":{"line":161,"column":52}},"71":{"start":{"line":163,"column":8},"end":{"line":163,"column":63}},"72":{"start":{"line":164,"column":8},"end":{"line":169,"column":9}},"73":{"start":{"line":166,"column":12},"end":{"line":166,"column":97}},"74":{"start":{"line":167,"column":12},"end":{"line":167,"column":53}},"75":{"start":{"line":168,"column":12},"end":{"line":168,"column":72}},"76":{"start":{"line":170,"column":8},"end":{"line":175,"column":9}},"77":{"start":{"line":172,"column":12},"end":{"line":172,"column":34}},"78":{"start":{"line":173,"column":12},"end":{"line":173,"column":64}},"79":{"start":{"line":173,"column":35},"end":{"line":173,"column":61}},"80":{"start":{"line":174,"column":12},"end":{"line":174,"column":52}},"81":{"start":{"line":177,"column":8},"end":{"line":177,"column":63}},"82":{"start":{"line":177,"column":34},"end":{"line":177,"column":62}},"83":{"start":{"line":178,"column":8},"end":{"line":178,"column":48}}},"fnMap":{"0":{"name":"(anonymous_0)","decl":{"start":{"line":11,"column":4},"end":{"line":11,"column":5}},"loc":{"start":{"line":11,"column":23},"end":{"line":19,"column":5}},"line":11},"1":{"name":"(anonymous_1)","decl":{"start":{"line":21,"column":26},"end":{"line":21,"column":27}},"loc":{"start":{"line":21,"column":33},"end":{"line":66,"column":5}},"line":21},"2":{"name":"(anonymous_2)","decl":{"start":{"line":68,"column":23},"end":{"line":68,"column":24}},"loc":{"start":{"line":68,"column":29},"end":{"line":70,"column":5}},"line":68},"3":{"name":"(anonymous_3)","decl":{"start":{"line":72,"column":23},"end":{"line":72,"column":24}},"loc":{"start":{"line":72,"column":30},"end":{"line":77,"column":5}},"line":72},"4":{"name":"(anonymous_4)","decl":{"start":{"line":79,"column":21},"end":{"line":79,"column":22}},"loc":{"start":{"line":79,"column":34},"end":{"line":143,"column":5}},"line":79},"5":{"name":"(anonymous_5)","decl":{"start":{"line":85,"column":31},"end":{"line":85,"column":32}},"loc":{"start":{"line":85,"column":49},"end":{"line":103,"column":9}},"line":85},"6":{"name":"findNextEnabledChildIndex","decl":{"start":{"line":111,"column":17},"end":{"line":111,"column":42}},"loc":{"start":{"line":111,"column":57},"end":{"line":132,"column":9}},"line":111},"7":{"name":"(anonymous_7)","decl":{"start":{"line":113,"column":35},"end":{"line":113,"column":36}},"loc":{"start":{"line":113,"column":41},"end":{"line":125,"column":13}},"line":113},"8":{"name":"(anonymous_8)","decl":{"start":{"line":145,"column":23},"end":{"line":145,"column":24}},"loc":{"start":{"line":145,"column":34},"end":{"line":149,"column":5}},"line":145},"9":{"name":"(anonymous_9)","decl":{"start":{"line":151,"column":24},"end":{"line":151,"column":25}},"loc":{"start":{"line":151,"column":30},"end":{"line":153,"column":5}},"line":151},"10":{"name":"(anonymous_10)","decl":{"start":{"line":155,"column":21},"end":{"line":155,"column":22}},"loc":{"start":{"line":155,"column":33},"end":{"line":179,"column":6}},"line":155},"11":{"name":"(anonymous_11)","decl":{"start":{"line":155,"column":62},"end":{"line":155,"column":63}},"loc":{"start":{"line":155,"column":73},"end":{"line":179,"column":5}},"line":155},"12":{"name":"(anonymous_12)","decl":{"start":{"line":173,"column":24},"end":{"line":173,"column":25}},"loc":{"start":{"line":173,"column":33},"end":{"line":173,"column":63}},"line":173},"13":{"name":"(anonymous_13)","decl":{"start":{"line":177,"column":28},"end":{"line":177,"column":29}},"loc":{"start":{"line":177,"column":34},"end":{"line":177,"column":62}},"line":177}},"branchMap":{"0":{"loc":{"start":{"line":24,"column":8},"end":{"line":26,"column":9}},"type":"if","locations":[{"start":{"line":24,"column":8},"end":{"line":26,"column":9}},{"start":{"line":24,"column":8},"end":{"line":26,"column":9}}],"line":24},"1":{"loc":{"start":{"line":28,"column":8},"end":{"line":65,"column":9}},"type":"switch","locations":[{"start":{"line":29,"column":12},"end":{"line":29,"column":20}},{"start":{"line":30,"column":12},"end":{"line":33,"column":22}},{"start":{"line":34,"column":12},"end":{"line":37,"column":22}},{"start":{"line":38,"column":12},"end":{"line":41,"column":22}},{"start":{"line":42,"column":12},"end":{"line":44,"column":22}},{"start":{"line":45,"column":12},"end":{"line":62,"column":22}},{"start":{"line":63,"column":12},"end":{"line":63,"column":20}}],"line":28},"2":{"loc":{"start":{"line":50,"column":37},"end":{"line":52,"column":58}},"type":"binary-expr","locations":[{"start":{"line":50,"column":37},"end":{"line":50,"column":56}},{"start":{"line":51,"column":24},"end":{"line":51,"column":49}},{"start":{"line":52,"column":24},"end":{"line":52,"column":58}}],"line":50},"3":{"loc":{"start":{"line":54,"column":20},"end":{"line":60,"column":21}},"type":"if","locations":[{"start":{"line":54,"column":20},"end":{"line":60,"column":21}},{"start":{"line":54,"column":20},"end":{"line":60,"column":21}}],"line":54},"4":{"loc":{"start":{"line":54,"column":24},"end":{"line":56,"column":33}},"type":"binary-expr","locations":[{"start":{"line":54,"column":24},"end":{"line":54,"column":43}},{"start":{"line":55,"column":24},"end":{"line":55,"column":70}},{"start":{"line":56,"column":24},"end":{"line":56,"column":33}}],"line":54},"5":{"loc":{"start":{"line":73,"column":8},"end":{"line":76,"column":9}},"type":"if","locations":[{"start":{"line":73,"column":8},"end":{"line":76,"column":9}},{"start":{"line":73,"column":8},"end":{"line":76,"column":9}}],"line":73},"6":{"loc":{"start":{"line":73,"column":12},"end":{"line":73,"column":93}},"type":"binary-expr","locations":[{"start":{"line":73,"column":12},"end":{"line":73,"column":35}},{"start":{"line":73,"column":39},"end":{"line":73,"column":93}}],"line":73},"7":{"loc":{"start":{"line":88,"column":12},"end":{"line":90,"column":13}},"type":"if","locations":[{"start":{"line":88,"column":12},"end":{"line":90,"column":13}},{"start":{"line":88,"column":12},"end":{"line":90,"column":13}}],"line":88},"8":{"loc":{"start":{"line":92,"column":12},"end":{"line":102,"column":13}},"type":"if","locations":[{"start":{"line":92,"column":12},"end":{"line":102,"column":13}},{"start":{"line":92,"column":12},"end":{"line":102,"column":13}}],"line":92},"9":{"loc":{"start":{"line":95,"column":19},"end":{"line":102,"column":13}},"type":"if","locations":[{"start":{"line":95,"column":19},"end":{"line":102,"column":13}},{"start":{"line":95,"column":19},"end":{"line":102,"column":13}}],"line":95},"10":{"loc":{"start":{"line":96,"column":16},"end":{"line":99,"column":17}},"type":"if","locations":[{"start":{"line":96,"column":16},"end":{"line":99,"column":17}},{"start":{"line":96,"column":16},"end":{"line":99,"column":17}}],"line":96},"11":{"loc":{"start":{"line":106,"column":8},"end":{"line":109,"column":9}},"type":"if","locations":[{"start":{"line":106,"column":8},"end":{"line":109,"column":9}},{"start":{"line":106,"column":8},"end":{"line":109,"column":9}}],"line":106},"12":{"loc":{"start":{"line":114,"column":16},"end":{"line":118,"column":17}},"type":"if","locations":[{"start":{"line":114,"column":16},"end":{"line":118,"column":17}},{"start":{"line":114,"column":16},"end":{"line":118,"column":17}}],"line":114},"13":{"loc":{"start":{"line":120,"column":16},"end":{"line":124,"column":17}},"type":"if","locations":[{"start":{"line":120,"column":16},"end":{"line":124,"column":17}},{"start":{"line":120,"column":16},"end":{"line":124,"column":17}}],"line":120},"14":{"loc":{"start":{"line":122,"column":23},"end":{"line":124,"column":17}},"type":"if","locations":[{"start":{"line":122,"column":23},"end":{"line":124,"column":17}},{"start":{"line":122,"column":23},"end":{"line":124,"column":17}}],"line":122},"15":{"loc":{"start":{"line":129,"column":21},"end":{"line":129,"column":66}},"type":"binary-expr","locations":[{"start":{"line":129,"column":21},"end":{"line":129,"column":39}},{"start":{"line":129,"column":43},"end":{"line":129,"column":66}}],"line":129},"16":{"loc":{"start":{"line":131,"column":19},"end":{"line":131,"column":48}},"type":"cond-expr","locations":[{"start":{"line":131,"column":40},"end":{"line":131,"column":44}},{"start":{"line":131,"column":47},"end":{"line":131,"column":48}}],"line":131},"17":{"loc":{"start":{"line":137,"column":8},"end":{"line":142,"column":9}},"type":"if","locations":[{"start":{"line":137,"column":8},"end":{"line":142,"column":9}},{"start":{"line":137,"column":8},"end":{"line":142,"column":9}}],"line":137},"18":{"loc":{"start":{"line":146,"column":8},"end":{"line":148,"column":9}},"type":"if","locations":[{"start":{"line":146,"column":8},"end":{"line":148,"column":9}},{"start":{"line":146,"column":8},"end":{"line":148,"column":9}}],"line":146},"19":{"loc":{"start":{"line":157,"column":8},"end":{"line":157,"column":55}},"type":"if","locations":[{"start":{"line":157,"column":8},"end":{"line":157,"column":55}},{"start":{"line":157,"column":8},"end":{"line":157,"column":55}}],"line":157},"20":{"loc":{"start":{"line":158,"column":8},"end":{"line":162,"column":9}},"type":"if","locations":[{"start":{"line":158,"column":8},"end":{"line":162,"column":9}},{"start":{"line":158,"column":8},"end":{"line":162,"column":9}}],"line":158},"21":{"loc":{"start":{"line":164,"column":8},"end":{"line":169,"column":9}},"type":"if","locations":[{"start":{"line":164,"column":8},"end":{"line":169,"column":9}},{"start":{"line":164,"column":8},"end":{"line":169,"column":9}}],"line":164},"22":{"loc":{"start":{"line":166,"column":30},"end":{"line":166,"column":96}},"type":"binary-expr","locations":[{"start":{"line":166,"column":30},"end":{"line":166,"column":57}},{"start":{"line":166,"column":62},"end":{"line":166,"column":95}}],"line":166},"23":{"loc":{"start":{"line":170,"column":8},"end":{"line":175,"column":9}},"type":"if","locations":[{"start":{"line":170,"column":8},"end":{"line":175,"column":9}},{"start":{"line":170,"column":8},"end":{"line":175,"column":9}}],"line":170},"24":{"loc":{"start":{"line":170,"column":12},"end":{"line":170,"column":69}},"type":"binary-expr","locations":[{"start":{"line":170,"column":12},"end":{"line":170,"column":32}},{"start":{"line":170,"column":36},"end":{"line":170,"column":69}}],"line":170}},"s":{"0":7,"1":7,"2":7,"3":2,"4":0,"5":2,"6":1,"7":1,"8":1,"9":0,"10":0,"11":0,"12":0,"13":0,"14":0,"15":0,"16":0,"17":1,"18":1,"19":1,"20":1,"21":0,"22":1,"23":1,"24":0,"25":1,"26":0,"27":0,"28":0,"29":0,"30":0,"31":0,"32":0,"33":0,"34":0,"35":0,"36":0,"37":0,"38":0,"39":0,"40":0,"41":0,"42":0,"43":0,"44":0,"45":0,"46":0,"47":0,"48":0,"49":0,"50":0,"51":0,"52":0,"53":0,"54":0,"55":0,"56":0,"57":0,"58":0,"59":0,"60":0,"61":0,"62":0,"63":0,"64":18,"65":0,"66":0,"67":0,"68":0,"69":0,"70":0,"71":0,"72":0,"73":0,"74":0,"75":0,"76":0,"77":0,"78":0,"79":0,"80":0,"81":0,"82":0,"83":0},"f":{"0":7,"1":2,"2":0,"3":1,"4":0,"5":0,"6":0,"7":0,"8":0,"9":0,"10":18,"11":0,"12":0,"13":0},"b":{"0":[0,2],"1":[0,1,0,0,0,1,0],"2":[1,0,0],"3":[0,1],"4":[1,0,0],"5":[0,1],"6":[1,0],"7":[0,0],"8":[0,0],"9":[0,0],"10":[0,0],"11":[0,0],"12":[0,0],"13":[0,0],"14":[0,0],"15":[0,0],"16":[0,0],"17":[0,0],"18":[0,0],"19":[0,0],"20":[0,0],"21":[0,0],"22":[0,0],"23":[0,0],"24":[0,0]},"_coverageSchema":"332fd63041d2c1bcb487cc26dd0d5f7d97098a6c","hash":"5048e276082901b1f1353cc31d12cf054ee6d223"}
,"/Users/aleksandrkozlov/Desktop/react-contextmenu/src/ContextMenu.js": {"path":"/Users/aleksandrkozlov/Desktop/react-contextmenu/src/ContextMenu.js","statementMap":{"0":{"start":{"line":34,"column":19},"end":{"line":34,"column":31}},"1":{"start":{"line":35,"column":25},"end":{"line":35,"column":37}},"2":{"start":{"line":36,"column":19},"end":{"line":36,"column":31}},"3":{"start":{"line":44,"column":8},"end":{"line":44,"column":21}},"4":{"start":{"line":46,"column":8},"end":{"line":50,"column":11}},"5":{"start":{"line":54,"column":8},"end":{"line":54,"column":23}},"6":{"start":{"line":58,"column":8},"end":{"line":58,"column":76}},"7":{"start":{"line":62,"column":24},"end":{"line":62,"column":66}},"8":{"start":{"line":63,"column":8},"end":{"line":85,"column":9}},"9":{"start":{"line":64,"column":12},"end":{"line":78,"column":15}},"10":{"start":{"line":65,"column":33},"end":{"line":65,"column":43}},"11":{"start":{"line":67,"column":38},"end":{"line":69,"column":48}},"12":{"start":{"line":71,"column":16},"end":{"line":77,"column":19}},"13":{"start":{"line":72,"column":20},"end":{"line":72,"column":43}},"14":{"start":{"line":72,"column":36},"end":{"line":72,"column":43}},"15":{"start":{"line":73,"column":20},"end":{"line":73,"column":53}},"16":{"start":{"line":74,"column":20},"end":{"line":74,"column":55}},"17":{"start":{"line":75,"column":20},"end":{"line":75,"column":48}},"18":{"start":{"line":76,"column":20},"end":{"line":76,"column":59}},"19":{"start":{"line":80,"column":12},"end":{"line":84,"column":15}},"20":{"start":{"line":81,"column":16},"end":{"line":81,"column":39}},"21":{"start":{"line":81,"column":32},"end":{"line":81,"column":39}},"22":{"start":{"line":82,"column":16},"end":{"line":82,"column":44}},"23":{"start":{"line":83,"column":16},"end":{"line":83,"column":55}},"24":{"start":{"line":89,"column":8},"end":{"line":91,"column":9}},"25":{"start":{"line":90,"column":12},"end":{"line":90,"column":47}},"26":{"start":{"line":93,"column":8},"end":{"line":93,"column":34}},"27":{"start":{"line":97,"column":8},"end":{"line":97,"column":72}},"28":{"start":{"line":98,"column":8},"end":{"line":98,"column":73}},"29":{"start":{"line":99,"column":8},"end":{"line":99,"column":98}},"30":{"start":{"line":99,"column":45},"end":{"line":99,"column":98}},"31":{"start":{"line":100,"column":8},"end":{"line":100,"column":108}},"32":{"start":{"line":100,"column":50},"end":{"line":100,"column":108}},"33":{"start":{"line":101,"column":8},"end":{"line":101,"column":71}},"34":{"start":{"line":102,"column":8},"end":{"line":102,"column":96}},"35":{"start":{"line":102,"column":45},"end":{"line":102,"column":96}},"36":{"start":{"line":106,"column":8},"end":{"line":106,"column":75}},"37":{"start":{"line":107,"column":8},"end":{"line":107,"column":76}},"38":{"start":{"line":108,"column":8},"end":{"line":108,"column":64}},"39":{"start":{"line":109,"column":8},"end":{"line":109,"column":69}},"40":{"start":{"line":110,"column":8},"end":{"line":110,"column":74}},"41":{"start":{"line":111,"column":8},"end":{"line":111,"column":62}},"42":{"start":{"line":115,"column":8},"end":{"line":115,"column":74}},"43":{"start":{"line":115,"column":67},"end":{"line":115,"column":74}},"44":{"start":{"line":117,"column":25},"end":{"line":117,"column":42}},"45":{"start":{"line":119,"column":8},"end":{"line":119,"column":49}},"46":{"start":{"line":120,"column":8},"end":{"line":120,"column":32}},"47":{"start":{"line":121,"column":8},"end":{"line":121,"column":43}},"48":{"start":{"line":125,"column":8},"end":{"line":129,"column":9}},"49":{"start":{"line":126,"column":12},"end":{"line":126,"column":38}},"50":{"start":{"line":127,"column":12},"end":{"line":127,"column":93}},"51":{"start":{"line":128,"column":12},"end":{"line":128,"column":47}},"52":{"start":{"line":133,"column":8},"end":{"line":133,"column":54}},"53":{"start":{"line":133,"column":43},"end":{"line":133,"column":54}},"54":{"start":{"line":137,"column":8},"end":{"line":137,"column":31}},"55":{"start":{"line":139,"column":8},"end":{"line":144,"column":10}},"56":{"start":{"line":146,"column":8},"end":{"line":146,"column":47}},"57":{"start":{"line":146,"column":36},"end":{"line":146,"column":47}},"58":{"start":{"line":150,"column":8},"end":{"line":152,"column":9}},"59":{"start":{"line":151,"column":12},"end":{"line":151,"column":31}},"60":{"start":{"line":153,"column":8},"end":{"line":153,"column":27}},"61":{"start":{"line":157,"column":8},"end":{"line":159,"column":9}},"62":{"start":{"line":158,"column":12},"end":{"line":158,"column":23}},"63":{"start":{"line":163,"column":25},"end":{"line":166,"column":9}},"64":{"start":{"line":168,"column":8},"end":{"line":168,"column":42}},"65":{"start":{"line":168,"column":24},"end":{"line":168,"column":42}},"66":{"start":{"line":170,"column":44},"end":{"line":170,"column":50}},"67":{"start":{"line":171,"column":21},"end":{"line":171,"column":54}},"68":{"start":{"line":173,"column":8},"end":{"line":175,"column":9}},"69":{"start":{"line":174,"column":12},"end":{"line":174,"column":42}},"70":{"start":{"line":177,"column":8},"end":{"line":179,"column":9}},"71":{"start":{"line":178,"column":12},"end":{"line":178,"column":42}},"72":{"start":{"line":181,"column":8},"end":{"line":183,"column":9}},"73":{"start":{"line":182,"column":12},"end":{"line":182,"column":93}},"74":{"start":{"line":185,"column":8},"end":{"line":187,"column":9}},"75":{"start":{"line":186,"column":12},"end":{"line":186,"column":90}},"76":{"start":{"line":189,"column":8},"end":{"line":189,"column":26}},"77":{"start":{"line":193,"column":25},"end":{"line":196,"column":9}},"78":{"start":{"line":198,"column":8},"end":{"line":198,"column":42}},"79":{"start":{"line":198,"column":24},"end":{"line":198,"column":42}},"80":{"start":{"line":200,"column":44},"end":{"line":200,"column":50}},"81":{"start":{"line":201,"column":21},"end":{"line":201,"column":54}},"82":{"start":{"line":204,"column":8},"end":{"line":204,"column":41}},"83":{"start":{"line":206,"column":8},"end":{"line":208,"column":9}},"84":{"start":{"line":207,"column":12},"end":{"line":207,"column":42}},"85":{"start":{"line":210,"column":8},"end":{"line":212,"column":9}},"86":{"start":{"line":211,"column":12},"end":{"line":211,"column":42}},"87":{"start":{"line":214,"column":8},"end":{"line":216,"column":9}},"88":{"start":{"line":215,"column":12},"end":{"line":215,"column":93}},"89":{"start":{"line":218,"column":8},"end":{"line":220,"column":9}},"90":{"start":{"line":219,"column":12},"end":{"line":219,"column":90}},"91":{"start":{"line":222,"column":8},"end":{"line":222,"column":26}},"92":{"start":{"line":226,"column":8},"end":{"line":226,"column":22}},"93":{"start":{"line":230,"column":47},"end":{"line":230,"column":57}},"94":{"start":{"line":231,"column":30},"end":{"line":231,"column":40}},"95":{"start":{"line":232,"column":28},"end":{"line":236,"column":9}},"96":{"start":{"line":237,"column":31},"end":{"line":239,"column":10}},"97":{"start":{"line":241,"column":8},"end":{"line":247,"column":10}}},"fnMap":{"0":{"name":"(anonymous_0)","decl":{"start":{"line":43,"column":4},"end":{"line":43,"column":5}},"loc":{"start":{"line":43,"column":23},"end":{"line":51,"column":5}},"line":43},"1":{"name":"(anonymous_1)","decl":{"start":{"line":53,"column":4},"end":{"line":53,"column":5}},"loc":{"start":{"line":53,"column":21},"end":{"line":55,"column":5}},"line":53},"2":{"name":"(anonymous_2)","decl":{"start":{"line":57,"column":4},"end":{"line":57,"column":5}},"loc":{"start":{"line":57,"column":24},"end":{"line":59,"column":5}},"line":57},"3":{"name":"(anonymous_3)","decl":{"start":{"line":61,"column":4},"end":{"line":61,"column":5}},"loc":{"start":{"line":61,"column":25},"end":{"line":86,"column":5}},"line":61},"4":{"name":"(anonymous_4)","decl":{"start":{"line":64,"column":20},"end":{"line":64,"column":21}},"loc":{"start":{"line":64,"column":26},"end":{"line":78,"column":13}},"line":64},"5":{"name":"(anonymous_5)","decl":{"start":{"line":71,"column":24},"end":{"line":71,"column":25}},"loc":{"start":{"line":71,"column":30},"end":{"line":77,"column":17}},"line":71},"6":{"name":"(anonymous_6)","decl":{"start":{"line":80,"column":20},"end":{"line":80,"column":21}},"loc":{"start":{"line":80,"column":26},"end":{"line":84,"column":13}},"line":80},"7":{"name":"(anonymous_7)","decl":{"start":{"line":88,"column":4},"end":{"line":88,"column":5}},"loc":{"start":{"line":88,"column":27},"end":{"line":94,"column":5}},"line":88},"8":{"name":"(anonymous_8)","decl":{"start":{"line":96,"column":23},"end":{"line":96,"column":24}},"loc":{"start":{"line":96,"column":29},"end":{"line":103,"column":5}},"line":96},"9":{"name":"(anonymous_9)","decl":{"start":{"line":105,"column":25},"end":{"line":105,"column":26}},"loc":{"start":{"line":105,"column":31},"end":{"line":112,"column":5}},"line":105},"10":{"name":"(anonymous_10)","decl":{"start":{"line":114,"column":17},"end":{"line":114,"column":18}},"loc":{"start":{"line":114,"column":24},"end":{"line":122,"column":5}},"line":114},"11":{"name":"(anonymous_11)","decl":{"start":{"line":124,"column":17},"end":{"line":124,"column":18}},"loc":{"start":{"line":124,"column":24},"end":{"line":130,"column":5}},"line":124},"12":{"name":"(anonymous_12)","decl":{"start":{"line":132,"column":25},"end":{"line":132,"column":26}},"loc":{"start":{"line":132,"column":32},"end":{"line":134,"column":5}},"line":132},"13":{"name":"(anonymous_13)","decl":{"start":{"line":136,"column":23},"end":{"line":136,"column":24}},"loc":{"start":{"line":136,"column":34},"end":{"line":147,"column":5}},"line":136},"14":{"name":"(anonymous_14)","decl":{"start":{"line":149,"column":24},"end":{"line":149,"column":25}},"loc":{"start":{"line":149,"column":31},"end":{"line":154,"column":5}},"line":149},"15":{"name":"(anonymous_15)","decl":{"start":{"line":156,"column":15},"end":{"line":156,"column":16}},"loc":{"start":{"line":156,"column":22},"end":{"line":160,"column":5}},"line":156},"16":{"name":"(anonymous_16)","decl":{"start":{"line":162,"column":22},"end":{"line":162,"column":23}},"loc":{"start":{"line":162,"column":40},"end":{"line":190,"column":5}},"line":162},"17":{"name":"(anonymous_17)","decl":{"start":{"line":192,"column":25},"end":{"line":192,"column":26}},"loc":{"start":{"line":192,"column":43},"end":{"line":223,"column":5}},"line":192},"18":{"name":"(anonymous_18)","decl":{"start":{"line":225,"column":14},"end":{"line":225,"column":15}},"loc":{"start":{"line":225,"column":21},"end":{"line":227,"column":5}},"line":225},"19":{"name":"(anonymous_19)","decl":{"start":{"line":229,"column":4},"end":{"line":229,"column":5}},"loc":{"start":{"line":229,"column":13},"end":{"line":248,"column":5}},"line":229}},"branchMap":{"0":{"loc":{"start":{"line":62,"column":24},"end":{"line":62,"column":66}},"type":"binary-expr","locations":[{"start":{"line":62,"column":24},"end":{"line":62,"column":52}},{"start":{"line":62,"column":56},"end":{"line":62,"column":66}}],"line":62},"1":{"loc":{"start":{"line":63,"column":8},"end":{"line":85,"column":9}},"type":"if","locations":[{"start":{"line":63,"column":8},"end":{"line":85,"column":9}},{"start":{"line":63,"column":8},"end":{"line":85,"column":9}}],"line":63},"2":{"loc":{"start":{"line":67,"column":38},"end":{"line":69,"column":48}},"type":"cond-expr","locations":[{"start":{"line":68,"column":22},"end":{"line":68,"column":51}},{"start":{"line":69,"column":22},"end":{"line":69,"column":48}}],"line":67},"3":{"loc":{"start":{"line":72,"column":20},"end":{"line":72,"column":43}},"type":"if","locations":[{"start":{"line":72,"column":20},"end":{"line":72,"column":43}},{"start":{"line":72,"column":20},"end":{"line":72,"column":43}}],"line":72},"4":{"loc":{"start":{"line":81,"column":16},"end":{"line":81,"column":39}},"type":"if","locations":[{"start":{"line":81,"column":16},"end":{"line":81,"column":39}},{"start":{"line":81,"column":16},"end":{"line":81,"column":39}}],"line":81},"5":{"loc":{"start":{"line":89,"column":8},"end":{"line":91,"column":9}},"type":"if","locations":[{"start":{"line":89,"column":8},"end":{"line":91,"column":9}},{"start":{"line":89,"column":8},"end":{"line":91,"column":9}}],"line":89},"6":{"loc":{"start":{"line":99,"column":8},"end":{"line":99,"column":98}},"type":"if","locations":[{"start":{"line":99,"column":8},"end":{"line":99,"column":98}},{"start":{"line":99,"column":8},"end":{"line":99,"column":98}}],"line":99},"7":{"loc":{"start":{"line":100,"column":8},"end":{"line":100,"column":108}},"type":"if","locations":[{"start":{"line":100,"column":8},"end":{"line":100,"column":108}},{"start":{"line":100,"column":8},"end":{"line":100,"column":108}}],"line":100},"8":{"loc":{"start":{"line":102,"column":8},"end":{"line":102,"column":96}},"type":"if","locations":[{"start":{"line":102,"column":8},"end":{"line":102,"column":96}},{"start":{"line":102,"column":8},"end":{"line":102,"column":96}}],"line":102},"9":{"loc":{"start":{"line":115,"column":8},"end":{"line":115,"column":74}},"type":"if","locations":[{"start":{"line":115,"column":8},"end":{"line":115,"column":74}},{"start":{"line":115,"column":8},"end":{"line":115,"column":74}}],"line":115},"10":{"loc":{"start":{"line":115,"column":12},"end":{"line":115,"column":65}},"type":"binary-expr","locations":[{"start":{"line":115,"column":12},"end":{"line":115,"column":41}},{"start":{"line":115,"column":45},"end":{"line":115,"column":65}}],"line":115},"11":{"loc":{"start":{"line":125,"column":8},"end":{"line":129,"column":9}},"type":"if","locations":[{"start":{"line":125,"column":8},"end":{"line":129,"column":9}},{"start":{"line":125,"column":8},"end":{"line":129,"column":9}}],"line":125},"12":{"loc":{"start":{"line":125,"column":12},"end":{"line":125,"column":96}},"type":"binary-expr","locations":[{"start":{"line":125,"column":12},"end":{"line":125,"column":32}},{"start":{"line":125,"column":37},"end":{"line":125,"column":46}},{"start":{"line":125,"column":50},"end":{"line":125,"column":62}},{"start":{"line":125,"column":66},"end":{"line":125,"column":95}}],"line":125},"13":{"loc":{"start":{"line":133,"column":8},"end":{"line":133,"column":54}},"type":"if","locations":[{"start":{"line":133,"column":8},"end":{"line":133,"column":54}},{"start":{"line":133,"column":8},"end":{"line":133,"column":54}}],"line":133},"14":{"loc":{"start":{"line":146,"column":8},"end":{"line":146,"column":47}},"type":"if","locations":[{"start":{"line":146,"column":8},"end":{"line":146,"column":47}},{"start":{"line":146,"column":8},"end":{"line":146,"column":47}}],"line":146},"15":{"loc":{"start":{"line":150,"column":8},"end":{"line":152,"column":9}},"type":"if","locations":[{"start":{"line":150,"column":8},"end":{"line":152,"column":9}},{"start":{"line":150,"column":8},"end":{"line":152,"column":9}}],"line":150},"16":{"loc":{"start":{"line":157,"column":8},"end":{"line":159,"column":9}},"type":"if","locations":[{"start":{"line":157,"column":8},"end":{"line":159,"column":9}},{"start":{"line":157,"column":8},"end":{"line":159,"column":9}}],"line":157},"17":{"loc":{"start":{"line":157,"column":12},"end":{"line":157,"column":48}},"type":"binary-expr","locations":[{"start":{"line":157,"column":12},"end":{"line":157,"column":28}},{"start":{"line":157,"column":32},"end":{"line":157,"column":48}}],"line":157},"18":{"loc":{"start":{"line":162,"column":23},"end":{"line":162,"column":28}},"type":"default-arg","locations":[{"start":{"line":162,"column":27},"end":{"line":162,"column":28}}],"line":162},"19":{"loc":{"start":{"line":162,"column":30},"end":{"line":162,"column":35}},"type":"default-arg","locations":[{"start":{"line":162,"column":34},"end":{"line":162,"column":35}}],"line":162},"20":{"loc":{"start":{"line":168,"column":8},"end":{"line":168,"column":42}},"type":"if","locations":[{"start":{"line":168,"column":8},"end":{"line":168,"column":42}},{"start":{"line":168,"column":8},"end":{"line":168,"column":42}}],"line":168},"21":{"loc":{"start":{"line":173,"column":8},"end":{"line":175,"column":9}},"type":"if","locations":[{"start":{"line":173,"column":8},"end":{"line":175,"column":9}},{"start":{"line":173,"column":8},"end":{"line":175,"column":9}}],"line":173},"22":{"loc":{"start":{"line":177,"column":8},"end":{"line":179,"column":9}},"type":"if","locations":[{"start":{"line":177,"column":8},"end":{"line":179,"column":9}},{"start":{"line":177,"column":8},"end":{"line":179,"column":9}}],"line":177},"23":{"loc":{"start":{"line":181,"column":8},"end":{"line":183,"column":9}},"type":"if","locations":[{"start":{"line":181,"column":8},"end":{"line":183,"column":9}},{"start":{"line":181,"column":8},"end":{"line":183,"column":9}}],"line":181},"24":{"loc":{"start":{"line":182,"column":29},"end":{"line":182,"column":92}},"type":"cond-expr","locations":[{"start":{"line":182,"column":57},"end":{"line":182,"column":88}},{"start":{"line":182,"column":91},"end":{"line":182,"column":92}}],"line":182},"25":{"loc":{"start":{"line":185,"column":8},"end":{"line":187,"column":9}},"type":"if","locations":[{"start":{"line":185,"column":8},"end":{"line":187,"column":9}},{"start":{"line":185,"column":8},"end":{"line":187,"column":9}}],"line":185},"26":{"loc":{"start":{"line":186,"column":30},"end":{"line":186,"column":89}},"type":"cond-expr","locations":[{"start":{"line":186,"column":56},"end":{"line":186,"column":85}},{"start":{"line":186,"column":88},"end":{"line":186,"column":89}}],"line":186},"27":{"loc":{"start":{"line":192,"column":26},"end":{"line":192,"column":31}},"type":"default-arg","locations":[{"start":{"line":192,"column":30},"end":{"line":192,"column":31}}],"line":192},"28":{"loc":{"start":{"line":192,"column":33},"end":{"line":192,"column":38}},"type":"default-arg","locations":[{"start":{"line":192,"column":37},"end":{"line":192,"column":38}}],"line":192},"29":{"loc":{"start":{"line":198,"column":8},"end":{"line":198,"column":42}},"type":"if","locations":[{"start":{"line":198,"column":8},"end":{"line":198,"column":42}},{"start":{"line":198,"column":8},"end":{"line":198,"column":42}}],"line":198},"30":{"loc":{"start":{"line":206,"column":8},"end":{"line":208,"column":9}},"type":"if","locations":[{"start":{"line":206,"column":8},"end":{"line":208,"column":9}},{"start":{"line":206,"column":8},"end":{"line":208,"column":9}}],"line":206},"31":{"loc":{"start":{"line":210,"column":8},"end":{"line":212,"column":9}},"type":"if","locations":[{"start":{"line":210,"column":8},"end":{"line":212,"column":9}},{"start":{"line":210,"column":8},"end":{"line":212,"column":9}}],"line":210},"32":{"loc":{"start":{"line":214,"column":8},"end":{"line":216,"column":9}},"type":"if","locations":[{"start":{"line":214,"column":8},"end":{"line":216,"column":9}},{"start":{"line":214,"column":8},"end":{"line":216,"column":9}}],"line":214},"33":{"loc":{"start":{"line":215,"column":29},"end":{"line":215,"column":92}},"type":"cond-expr","locations":[{"start":{"line":215,"column":57},"end":{"line":215,"column":88}},{"start":{"line":215,"column":91},"end":{"line":215,"column":92}}],"line":215},"34":{"loc":{"start":{"line":218,"column":8},"end":{"line":220,"column":9}},"type":"if","locations":[{"start":{"line":218,"column":8},"end":{"line":220,"column":9}},{"start":{"line":218,"column":8},"end":{"line":220,"column":9}}],"line":218},"35":{"loc":{"start":{"line":219,"column":30},"end":{"line":219,"column":89}},"type":"cond-expr","locations":[{"start":{"line":219,"column":56},"end":{"line":219,"column":85}},{"start":{"line":219,"column":88},"end":{"line":219,"column":89}}],"line":219}},"s":{"0":1,"1":0,"2":5,"3":7,"4":7,"5":0,"6":7,"7":11,"8":11,"9":6,"10":0,"11":0,"12":0,"13":0,"14":0,"15":0,"16":0,"17":0,"18":0,"19":5,"20":0,"21":0,"22":0,"23":0,"24":7,"25":7,"26":7,"27":6,"28":6,"29":6,"30":6,"31":6,"32":6,"33":6,"34":6,"35":6,"36":12,"37":12,"38":12,"39":12,"40":12,"41":12,"42":8,"43":2,"44":6,"45":6,"46":6,"47":6,"48":6,"49":5,"50":5,"51":5,"52":1,"53":1,"54":1,"55":1,"56":1,"57":1,"58":0,"59":0,"60":0,"61":2,"62":2,"63":0,"64":0,"65":0,"66":0,"67":0,"68":0,"69":0,"70":0,"71":0,"72":0,"73":0,"74":0,"75":0,"76":0,"77":0,"78":0,"79":0,"80":0,"81":0,"82":0,"83":0,"84":0,"85":0,"86":0,"87":0,"88":0,"89":0,"90":0,"91":0,"92":14,"93":18,"94":18,"95":18,"96":18,"97":18},"f":{"0":7,"1":0,"2":7,"3":11,"4":0,"5":0,"6":0,"7":7,"8":6,"9":12,"10":8,"11":6,"12":1,"13":1,"14":0,"15":2,"16":0,"17":0,"18":14,"19":18},"b":{"0":[11,0],"1":[6,5],"2":[0,0],"3":[0,0],"4":[0,0],"5":[7,0],"6":[6,0],"7":[6,0],"8":[6,0],"9":[2,6],"10":[8,7],"11":[5,1],"12":[6,5,5,0],"13":[1,0],"14":[1,0],"15":[0,0],"16":[2,0],"17":[2,1],"18":[0],"19":[0],"20":[0,0],"21":[0,0],"22":[0,0],"23":[0,0],"24":[0,0],"25":[0,0],"26":[0,0],"27":[0],"28":[0],"29":[0,0],"30":[0,0],"31":[0,0],"32":[0,0],"33":[0,0],"34":[0,0],"35":[0,0]},"_coverageSchema":"332fd63041d2c1bcb487cc26dd0d5f7d97098a6c","hash":"71292e58ff9fb9e66aeb2bce9da02e49566dce00"}
,"/Users/aleksandrkozlov/Desktop/react-contextmenu/src/MenuItem.js": {"path":"/Users/aleksandrkozlov/Desktop/react-contextmenu/src/MenuItem.js","statementMap":{"0":{"start":{"line":31,"column":20},"end":{"line":31,"column":32}},"1":{"start":{"line":32,"column":27},"end":{"line":32,"column":31}},"2":{"start":{"line":33,"column":28},"end":{"line":33,"column":32}},"3":{"start":{"line":39,"column":8},"end":{"line":41,"column":9}},"4":{"start":{"line":40,"column":12},"end":{"line":40,"column":35}},"5":{"start":{"line":43,"column":8},"end":{"line":43,"column":62}},"6":{"start":{"line":43,"column":55},"end":{"line":43,"column":62}},"7":{"start":{"line":45,"column":8},"end":{"line":50,"column":10}},"8":{"start":{"line":52,"column":8},"end":{"line":52,"column":44}},"9":{"start":{"line":52,"column":37},"end":{"line":52,"column":44}},"10":{"start":{"line":54,"column":8},"end":{"line":54,"column":19}},"11":{"start":{"line":65,"column":12},"end":{"line":65,"column":22}},"12":{"start":{"line":67,"column":35},"end":{"line":76,"column":9}},"13":{"start":{"line":78,"column":8},"end":{"line":88,"column":10}},"14":{"start":{"line":83,"column":32},"end":{"line":83,"column":47}}},"fnMap":{"0":{"name":"(anonymous_0)","decl":{"start":{"line":32,"column":21},"end":{"line":32,"column":22}},"loc":{"start":{"line":32,"column":27},"end":{"line":32,"column":31}},"line":32},"1":{"name":"(anonymous_1)","decl":{"start":{"line":33,"column":22},"end":{"line":33,"column":23}},"loc":{"start":{"line":33,"column":28},"end":{"line":33,"column":32}},"line":33},"2":{"name":"(anonymous_2)","decl":{"start":{"line":38,"column":18},"end":{"line":38,"column":19}},"loc":{"start":{"line":38,"column":29},"end":{"line":55,"column":5}},"line":38},"3":{"name":"(anonymous_3)","decl":{"start":{"line":57,"column":4},"end":{"line":57,"column":5}},"loc":{"start":{"line":57,"column":13},"end":{"line":89,"column":5}},"line":57},"4":{"name":"(anonymous_4)","decl":{"start":{"line":83,"column":21},"end":{"line":83,"column":22}},"loc":{"start":{"line":83,"column":30},"end":{"line":83,"column":49}},"line":83}},"branchMap":{"0":{"loc":{"start":{"line":39,"column":8},"end":{"line":41,"column":9}},"type":"if","locations":[{"start":{"line":39,"column":8},"end":{"line":41,"column":9}},{"start":{"line":39,"column":8},"end":{"line":41,"column":9}}],"line":39},"1":{"loc":{"start":{"line":39,"column":12},"end":{"line":39,"column":52}},"type":"binary-expr","locations":[{"start":{"line":39,"column":12},"end":{"line":39,"column":30}},{"start":{"line":39,"column":34},"end":{"line":39,"column":52}}],"line":39},"2":{"loc":{"start":{"line":43,"column":8},"end":{"line":43,"column":62}},"type":"if","locations":[{"start":{"line":43,"column":8},"end":{"line":43,"column":62}},{"start":{"line":43,"column":8},"end":{"line":43,"column":62}}],"line":43},"3":{"loc":{"start":{"line":43,"column":12},"end":{"line":43,"column":53}},"type":"binary-expr","locations":[{"start":{"line":43,"column":12},"end":{"line":43,"column":31}},{"start":{"line":43,"column":35},"end":{"line":43,"column":53}}],"line":43},"4":{"loc":{"start":{"line":52,"column":8},"end":{"line":52,"column":44}},"type":"if","locations":[{"start":{"line":52,"column":8},"end":{"line":52,"column":44}},{"start":{"line":52,"column":8},"end":{"line":52,"column":44}}],"line":52},"5":{"loc":{"start":{"line":81,"column":61},"end":{"line":81,"column":88}},"type":"cond-expr","locations":[{"start":{"line":81,"column":72},"end":{"line":81,"column":78}},{"start":{"line":81,"column":81},"end":{"line":81,"column":88}}],"line":81},"6":{"loc":{"start":{"line":82,"column":34},"end":{"line":82,"column":63}},"type":"cond-expr","locations":[{"start":{"line":82,"column":44},"end":{"line":82,"column":56}},{"start":{"line":82,"column":59},"end":{"line":82,"column":63}}],"line":82},"7":{"loc":{"start":{"line":86,"column":17},"end":{"line":86,"column":42}},"type":"cond-expr","locations":[{"start":{"line":86,"column":27},"end":{"line":86,"column":31}},{"start":{"line":86,"column":34},"end":{"line":86,"column":42}}],"line":86}},"s":{"0":0,"1":0,"2":0,"3":0,"4":0,"5":0,"6":0,"7":0,"8":0,"9":0,"10":0,"11":1,"12":1,"13":1,"14":0},"f":{"0":0,"1":0,"2":0,"3":1,"4":0},"b":{"0":[0,0],"1":[0,0],"2":[0,0],"3":[0,0],"4":[0,0],"5":[0,1],"6":[0,1],"7":[0,1]},"_coverageSchema":"332fd63041d2c1bcb487cc26dd0d5f7d97098a6c","hash":"33cb5a1b9ae29bb8ce7b197cc3c77a09cd585f50"}
,"/Users/aleksandrkozlov/Desktop/react-contextmenu/src/SubMenu.js": {"path":"/Users/aleksandrkozlov/Desktop/react-contextmenu/src/SubMenu.js","statementMap":{"0":{"start":{"line":35,"column":27},"end":{"line":35,"column":31}},"1":{"start":{"line":36,"column":26},"end":{"line":36,"column":30}},"2":{"start":{"line":38,"column":26},"end":{"line":38,"column":30}},"3":{"start":{"line":39,"column":42},"end":{"line":39,"column":46}},"4":{"start":{"line":43,"column":8},"end":{"line":43,"column":21}},"5":{"start":{"line":45,"column":8},"end":{"line":47,"column":11}},"6":{"start":{"line":51,"column":8},"end":{"line":51,"column":70}},"7":{"start":{"line":55,"column":8},"end":{"line":55,"column":23}},"8":{"start":{"line":59,"column":8},"end":{"line":62,"column":79}},"9":{"start":{"line":63,"column":8},"end":{"line":63,"column":20}},"10":{"start":{"line":67,"column":8},"end":{"line":67,"column":45}},"11":{"start":{"line":67,"column":38},"end":{"line":67,"column":45}},"12":{"start":{"line":68,"column":8},"end":{"line":100,"column":9}},"13":{"start":{"line":69,"column":28},"end":{"line":69,"column":70}},"14":{"start":{"line":70,"column":12},"end":{"line":88,"column":15}},"15":{"start":{"line":71,"column":31},"end":{"line":73,"column":44}},"16":{"start":{"line":75,"column":16},"end":{"line":75,"column":57}},"17":{"start":{"line":76,"column":16},"end":{"line":76,"column":60}},"18":{"start":{"line":77,"column":16},"end":{"line":77,"column":58}},"19":{"start":{"line":78,"column":16},"end":{"line":78,"column":59}},"20":{"start":{"line":80,"column":16},"end":{"line":80,"column":83}},"21":{"start":{"line":80,"column":47},"end":{"line":80,"column":83}},"22":{"start":{"line":81,"column":16},"end":{"line":81,"column":86}},"23":{"start":{"line":81,"column":48},"end":{"line":81,"column":86}},"24":{"start":{"line":82,"column":16},"end":{"line":82,"column":92}},"25":{"start":{"line":82,"column":50},"end":{"line":82,"column":92}},"26":{"start":{"line":83,"column":16},"end":{"line":83,"column":89}},"27":{"start":{"line":83,"column":49},"end":{"line":83,"column":89}},"28":{"start":{"line":84,"column":16},"end":{"line":84,"column":67}},"29":{"start":{"line":86,"column":16},"end":{"line":86,"column":40}},"30":{"start":{"line":87,"column":16},"end":{"line":87,"column":54}},"31":{"start":{"line":90,"column":28},"end":{"line":97,"column":13}},"32":{"start":{"line":91,"column":16},"end":{"line":91,"column":75}},"33":{"start":{"line":92,"column":16},"end":{"line":92,"column":60}},"34":{"start":{"line":93,"column":16},"end":{"line":93,"column":59}},"35":{"start":{"line":94,"column":16},"end":{"line":94,"column":43}},"36":{"start":{"line":95,"column":16},"end":{"line":95,"column":49}},"37":{"start":{"line":96,"column":16},"end":{"line":96,"column":42}},"38":{"start":{"line":98,"column":12},"end":{"line":98,"column":68}},"39":{"start":{"line":99,"column":12},"end":{"line":99,"column":66}},"40":{"start":{"line":104,"column":8},"end":{"line":106,"column":9}},"41":{"start":{"line":105,"column":12},"end":{"line":105,"column":47}},"42":{"start":{"line":108,"column":8},"end":{"line":108,"column":57}},"43":{"start":{"line":108,"column":28},"end":{"line":108,"column":57}},"44":{"start":{"line":110,"column":8},"end":{"line":110,"column":59}},"45":{"start":{"line":110,"column":29},"end":{"line":110,"column":59}},"46":{"start":{"line":112,"column":8},"end":{"line":112,"column":38}},"47":{"start":{"line":116,"column":44},"end":{"line":116,"column":50}},"48":{"start":{"line":117,"column":21},"end":{"line":117,"column":57}},"49":{"start":{"line":118,"column":25},"end":{"line":118,"column":27}},"50":{"start":{"line":120,"column":8},"end":{"line":124,"column":9}},"51":{"start":{"line":121,"column":12},"end":{"line":121,"column":32}},"52":{"start":{"line":123,"column":12},"end":{"line":123,"column":29}},"53":{"start":{"line":126,"column":8},"end":{"line":130,"column":9}},"54":{"start":{"line":127,"column":12},"end":{"line":127,"column":35}},"55":{"start":{"line":129,"column":12},"end":{"line":129,"column":36}},"56":{"start":{"line":132,"column":8},"end":{"line":132,"column":24}},"57":{"start":{"line":136,"column":32},"end":{"line":136,"column":38}},"58":{"start":{"line":137,"column":21},"end":{"line":137,"column":57}},"59":{"start":{"line":138,"column":25},"end":{"line":138,"column":27}},"60":{"start":{"line":140,"column":8},"end":{"line":144,"column":9}},"61":{"start":{"line":141,"column":12},"end":{"line":141,"column":32}},"62":{"start":{"line":143,"column":12},"end":{"line":143,"column":29}},"63":{"start":{"line":146,"column":8},"end":{"line":150,"column":9}},"64":{"start":{"line":147,"column":12},"end":{"line":147,"column":35}},"65":{"start":{"line":149,"column":12},"end":{"line":149,"column":36}},"66":{"start":{"line":152,"column":8},"end":{"line":152,"column":24}},"67":{"start":{"line":156,"column":8},"end":{"line":156,"column":27}},"68":{"start":{"line":157,"column":8},"end":{"line":157,"column":28}},"69":{"start":{"line":162,"column":8},"end":{"line":164,"column":9}},"70":{"start":{"line":163,"column":12},"end":{"line":163,"column":19}},"71":{"start":{"line":166,"column":8},"end":{"line":168,"column":9}},"72":{"start":{"line":167,"column":12},"end":{"line":167,"column":36}},"73":{"start":{"line":169,"column":8},"end":{"line":169,"column":62}},"74":{"start":{"line":170,"column":8},"end":{"line":170,"column":34}},"75":{"start":{"line":174,"column":8},"end":{"line":174,"column":31}},"76":{"start":{"line":176,"column":8},"end":{"line":176,"column":40}},"77":{"start":{"line":176,"column":33},"end":{"line":176,"column":40}},"78":{"start":{"line":178,"column":8},"end":{"line":183,"column":10}},"79":{"start":{"line":185,"column":8},"end":{"line":185,"column":74}},"80":{"start":{"line":185,"column":67},"end":{"line":185,"column":74}},"81":{"start":{"line":187,"column":8},"end":{"line":187,"column":19}},"82":{"start":{"line":191,"column":8},"end":{"line":191,"column":59}},"83":{"start":{"line":191,"column":29},"end":{"line":191,"column":59}},"84":{"start":{"line":193,"column":8},"end":{"line":193,"column":62}},"85":{"start":{"line":193,"column":55},"end":{"line":193,"column":62}},"86":{"start":{"line":195,"column":8},"end":{"line":198,"column":35}},"87":{"start":{"line":195,"column":42},"end":{"line":198,"column":10}},"88":{"start":{"line":202,"column":8},"end":{"line":202,"column":57}},"89":{"start":{"line":202,"column":28},"end":{"line":202,"column":57}},"90":{"start":{"line":204,"column":8},"end":{"line":204,"column":40}},"91":{"start":{"line":204,"column":33},"end":{"line":204,"column":40}},"92":{"start":{"line":206,"column":8},"end":{"line":209,"column":35}},"93":{"start":{"line":206,"column":43},"end":{"line":209,"column":10}},"94":{"start":{"line":213,"column":8},"end":{"line":213,"column":22}},"95":{"start":{"line":217,"column":8},"end":{"line":217,"column":25}},"96":{"start":{"line":221,"column":8},"end":{"line":221,"column":87}},"97":{"start":{"line":222,"column":8},"end":{"line":222,"column":71}},"98":{"start":{"line":226,"column":8},"end":{"line":226,"column":74}},"99":{"start":{"line":227,"column":8},"end":{"line":229,"column":9}},"100":{"start":{"line":228,"column":12},"end":{"line":228,"column":88}},"101":{"start":{"line":233,"column":68},"end":{"line":233,"column":78}},"102":{"start":{"line":234,"column":28},"end":{"line":234,"column":38}},"103":{"start":{"line":235,"column":26},"end":{"line":243,"column":9}},"104":{"start":{"line":244,"column":30},"end":{"line":253,"column":9}},"105":{"start":{"line":254,"column":29},"end":{"line":263,"column":9}},"106":{"start":{"line":265,"column":8},"end":{"line":274,"column":10}}},"fnMap":{"0":{"name":"(anonymous_0)","decl":{"start":{"line":35,"column":21},"end":{"line":35,"column":22}},"loc":{"start":{"line":35,"column":27},"end":{"line":35,"column":31}},"line":35},"1":{"name":"(anonymous_1)","decl":{"start":{"line":36,"column":20},"end":{"line":36,"column":21}},"loc":{"start":{"line":36,"column":26},"end":{"line":36,"column":30}},"line":36},"2":{"name":"(anonymous_2)","decl":{"start":{"line":38,"column":20},"end":{"line":38,"column":21}},"loc":{"start":{"line":38,"column":26},"end":{"line":38,"column":30}},"line":38},"3":{"name":"(anonymous_3)","decl":{"start":{"line":39,"column":36},"end":{"line":39,"column":37}},"loc":{"start":{"line":39,"column":42},"end":{"line":39,"column":46}},"line":39},"4":{"name":"(anonymous_4)","decl":{"start":{"line":42,"column":4},"end":{"line":42,"column":5}},"loc":{"start":{"line":42,"column":23},"end":{"line":48,"column":5}},"line":42},"5":{"name":"(anonymous_5)","decl":{"start":{"line":50,"column":4},"end":{"line":50,"column":5}},"loc":{"start":{"line":50,"column":24},"end":{"line":52,"column":5}},"line":50},"6":{"name":"(anonymous_6)","decl":{"start":{"line":51,"column":42},"end":{"line":51,"column":43}},"loc":{"start":{"line":51,"column":48},"end":{"line":51,"column":50}},"line":51},"7":{"name":"(anonymous_7)","decl":{"start":{"line":54,"column":4},"end":{"line":54,"column":5}},"loc":{"start":{"line":54,"column":21},"end":{"line":56,"column":5}},"line":54},"8":{"name":"(anonymous_8)","decl":{"start":{"line":58,"column":4},"end":{"line":58,"column":5}},"loc":{"start":{"line":58,"column":48},"end":{"line":64,"column":5}},"line":58},"9":{"name":"(anonymous_9)","decl":{"start":{"line":66,"column":4},"end":{"line":66,"column":5}},"loc":{"start":{"line":66,"column":25},"end":{"line":101,"column":5}},"line":66},"10":{"name":"(anonymous_10)","decl":{"start":{"line":70,"column":20},"end":{"line":70,"column":21}},"loc":{"start":{"line":70,"column":26},"end":{"line":88,"column":13}},"line":70},"11":{"name":"(anonymous_11)","decl":{"start":{"line":90,"column":28},"end":{"line":90,"column":29}},"loc":{"start":{"line":90,"column":34},"end":{"line":97,"column":13}},"line":90},"12":{"name":"(anonymous_12)","decl":{"start":{"line":103,"column":4},"end":{"line":103,"column":5}},"loc":{"start":{"line":103,"column":27},"end":{"line":113,"column":5}},"line":103},"13":{"name":"(anonymous_13)","decl":{"start":{"line":115,"column":22},"end":{"line":115,"column":23}},"loc":{"start":{"line":115,"column":28},"end":{"line":133,"column":5}},"line":115},"14":{"name":"(anonymous_14)","decl":{"start":{"line":135,"column":25},"end":{"line":135,"column":26}},"loc":{"start":{"line":135,"column":31},"end":{"line":153,"column":5}},"line":135},"15":{"name":"(anonymous_15)","decl":{"start":{"line":155,"column":15},"end":{"line":155,"column":16}},"loc":{"start":{"line":155,"column":22},"end":{"line":158,"column":5}},"line":155},"16":{"name":"(anonymous_16)","decl":{"start":{"line":160,"column":18},"end":{"line":160,"column":19}},"loc":{"start":{"line":160,"column":25},"end":{"line":171,"column":5}},"line":160},"17":{"name":"(anonymous_17)","decl":{"start":{"line":173,"column":18},"end":{"line":173,"column":19}},"loc":{"start":{"line":173,"column":29},"end":{"line":188,"column":5}},"line":173},"18":{"name":"(anonymous_18)","decl":{"start":{"line":190,"column":23},"end":{"line":190,"column":24}},"loc":{"start":{"line":190,"column":29},"end":{"line":199,"column":5}},"line":190},"19":{"name":"(anonymous_19)","decl":{"start":{"line":195,"column":36},"end":{"line":195,"column":37}},"loc":{"start":{"line":195,"column":42},"end":{"line":198,"column":10}},"line":195},"20":{"name":"(anonymous_20)","decl":{"start":{"line":201,"column":23},"end":{"line":201,"column":24}},"loc":{"start":{"line":201,"column":29},"end":{"line":210,"column":5}},"line":201},"21":{"name":"(anonymous_21)","decl":{"start":{"line":206,"column":37},"end":{"line":206,"column":38}},"loc":{"start":{"line":206,"column":43},"end":{"line":209,"column":10}},"line":206},"22":{"name":"(anonymous_22)","decl":{"start":{"line":212,"column":14},"end":{"line":212,"column":15}},"loc":{"start":{"line":212,"column":21},"end":{"line":214,"column":5}},"line":212},"23":{"name":"(anonymous_23)","decl":{"start":{"line":216,"column":17},"end":{"line":216,"column":18}},"loc":{"start":{"line":216,"column":24},"end":{"line":218,"column":5}},"line":216},"24":{"name":"(anonymous_24)","decl":{"start":{"line":220,"column":23},"end":{"line":220,"column":24}},"loc":{"start":{"line":220,"column":29},"end":{"line":223,"column":5}},"line":220},"25":{"name":"(anonymous_25)","decl":{"start":{"line":225,"column":25},"end":{"line":225,"column":26}},"loc":{"start":{"line":225,"column":42},"end":{"line":230,"column":5}},"line":225},"26":{"name":"(anonymous_26)","decl":{"start":{"line":232,"column":4},"end":{"line":232,"column":5}},"loc":{"start":{"line":232,"column":13},"end":{"line":275,"column":5}},"line":232}},"branchMap":{"0":{"loc":{"start":{"line":59,"column":34},"end":{"line":62,"column":78}},"type":"binary-expr","locations":[{"start":{"line":59,"column":35},"end":{"line":59,"column":75}},{"start":{"line":60,"column":34},"end":{"line":60,"column":78}},{"start":{"line":61,"column":34},"end":{"line":61,"column":78}},{"start":{"line":62,"column":34},"end":{"line":62,"column":78}}],"line":59},"1":{"loc":{"start":{"line":61,"column":36},"end":{"line":61,"column":77}},"type":"binary-expr","locations":[{"start":{"line":61,"column":36},"end":{"line":61,"column":54}},{"start":{"line":61,"column":58},"end":{"line":61,"column":77}}],"line":61},"2":{"loc":{"start":{"line":62,"column":36},"end":{"line":62,"column":77}},"type":"binary-expr","locations":[{"start":{"line":62,"column":36},"end":{"line":62,"column":56}},{"start":{"line":62,"column":60},"end":{"line":62,"column":77}}],"line":62},"3":{"loc":{"start":{"line":67,"column":8},"end":{"line":67,"column":45}},"type":"if","locations":[{"start":{"line":67,"column":8},"end":{"line":67,"column":45}},{"start":{"line":67,"column":8},"end":{"line":67,"column":45}}],"line":67},"4":{"loc":{"start":{"line":68,"column":8},"end":{"line":100,"column":9}},"type":"if","locations":[{"start":{"line":68,"column":8},"end":{"line":100,"column":9}},{"start":{"line":68,"column":8},"end":{"line":100,"column":9}}],"line":68},"5":{"loc":{"start":{"line":68,"column":12},"end":{"line":68,"column":54}},"type":"binary-expr","locations":[{"start":{"line":68,"column":12},"end":{"line":68,"column":32}},{"start":{"line":68,"column":36},"end":{"line":68,"column":54}}],"line":68},"6":{"loc":{"start":{"line":69,"column":28},"end":{"line":69,"column":70}},"type":"binary-expr","locations":[{"start":{"line":69,"column":28},"end":{"line":69,"column":56}},{"start":{"line":69,"column":60},"end":{"line":69,"column":70}}],"line":69},"7":{"loc":{"start":{"line":71,"column":31},"end":{"line":73,"column":44}},"type":"cond-expr","locations":[{"start":{"line":72,"column":22},"end":{"line":72,"column":47}},{"start":{"line":73,"column":22},"end":{"line":73,"column":44}}],"line":71},"8":{"loc":{"start":{"line":80,"column":16},"end":{"line":80,"column":83}},"type":"if","locations":[{"start":{"line":80,"column":16},"end":{"line":80,"column":83}},{"start":{"line":80,"column":16},"end":{"line":80,"column":83}}],"line":80},"9":{"loc":{"start":{"line":81,"column":16},"end":{"line":81,"column":86}},"type":"if","locations":[{"start":{"line":81,"column":16},"end":{"line":81,"column":86}},{"start":{"line":81,"column":16},"end":{"line":81,"column":86}}],"line":81},"10":{"loc":{"start":{"line":82,"column":16},"end":{"line":82,"column":92}},"type":"if","locations":[{"start":{"line":82,"column":16},"end":{"line":82,"column":92}},{"start":{"line":82,"column":16},"end":{"line":82,"column":92}}],"line":82},"11":{"loc":{"start":{"line":83,"column":16},"end":{"line":83,"column":89}},"type":"if","locations":[{"start":{"line":83,"column":16},"end":{"line":83,"column":89}},{"start":{"line":83,"column":16},"end":{"line":83,"column":89}}],"line":83},"12":{"loc":{"start":{"line":104,"column":8},"end":{"line":106,"column":9}},"type":"if","locations":[{"start":{"line":104,"column":8},"end":{"line":106,"column":9}},{"start":{"line":104,"column":8},"end":{"line":106,"column":9}}],"line":104},"13":{"loc":{"start":{"line":108,"column":8},"end":{"line":108,"column":57}},"type":"if","locations":[{"start":{"line":108,"column":8},"end":{"line":108,"column":57}},{"start":{"line":108,"column":8},"end":{"line":108,"column":57}}],"line":108},"14":{"loc":{"start":{"line":110,"column":8},"end":{"line":110,"column":59}},"type":"if","locations":[{"start":{"line":110,"column":8},"end":{"line":110,"column":59}},{"start":{"line":110,"column":8},"end":{"line":110,"column":59}}],"line":110},"15":{"loc":{"start":{"line":120,"column":8},"end":{"line":124,"column":9}},"type":"if","locations":[{"start":{"line":120,"column":8},"end":{"line":124,"column":9}},{"start":{"line":120,"column":8},"end":{"line":124,"column":9}}],"line":120},"16":{"loc":{"start":{"line":126,"column":8},"end":{"line":130,"column":9}},"type":"if","locations":[{"start":{"line":126,"column":8},"end":{"line":130,"column":9}},{"start":{"line":126,"column":8},"end":{"line":130,"column":9}}],"line":126},"17":{"loc":{"start":{"line":140,"column":8},"end":{"line":144,"column":9}},"type":"if","locations":[{"start":{"line":140,"column":8},"end":{"line":144,"column":9}},{"start":{"line":140,"column":8},"end":{"line":144,"column":9}}],"line":140},"18":{"loc":{"start":{"line":146,"column":8},"end":{"line":150,"column":9}},"type":"if","locations":[{"start":{"line":146,"column":8},"end":{"line":150,"column":9}},{"start":{"line":146,"column":8},"end":{"line":150,"column":9}}],"line":146},"19":{"loc":{"start":{"line":162,"column":8},"end":{"line":164,"column":9}},"type":"if","locations":[{"start":{"line":162,"column":8},"end":{"line":164,"column":9}},{"start":{"line":162,"column":8},"end":{"line":164,"column":9}}],"line":162},"20":{"loc":{"start":{"line":162,"column":12},"end":{"line":162,"column":80}},"type":"binary-expr","locations":[{"start":{"line":162,"column":12},"end":{"line":162,"column":20}},{"start":{"line":162,"column":24},"end":{"line":162,"column":35}},{"start":{"line":162,"column":39},"end":{"line":162,"column":48}},{"start":{"line":162,"column":52},"end":{"line":162,"column":80}}],"line":162},"21":{"loc":{"start":{"line":166,"column":8},"end":{"line":168,"column":9}},"type":"if","locations":[{"start":{"line":166,"column":8},"end":{"line":168,"column":9}},{"start":{"line":166,"column":8},"end":{"line":168,"column":9}}],"line":166},"22":{"loc":{"start":{"line":176,"column":8},"end":{"line":176,"column":40}},"type":"if","locations":[{"start":{"line":176,"column":8},"end":{"line":176,"column":40}},{"start":{"line":176,"column":8},"end":{"line":176,"column":40}}],"line":176},"23":{"loc":{"start":{"line":185,"column":8},"end":{"line":185,"column":74}},"type":"if","locations":[{"start":{"line":185,"column":8},"end":{"line":185,"column":74}},{"start":{"line":185,"column":8},"end":{"line":185,"column":74}}],"line":185},"24":{"loc":{"start":{"line":185,"column":12},"end":{"line":185,"column":65}},"type":"binary-expr","locations":[{"start":{"line":185,"column":12},"end":{"line":185,"column":31}},{"start":{"line":185,"column":35},"end":{"line":185,"column":65}}],"line":185},"25":{"loc":{"start":{"line":191,"column":8},"end":{"line":191,"column":59}},"type":"if","locations":[{"start":{"line":191,"column":8},"end":{"line":191,"column":59}},{"start":{"line":191,"column":8},"end":{"line":191,"column":59}}],"line":191},"26":{"loc":{"start":{"line":193,"column":8},"end":{"line":193,"column":62}},"type":"if","locations":[{"start":{"line":193,"column":8},"end":{"line":193,"column":62}},{"start":{"line":193,"column":8},"end":{"line":193,"column":62}}],"line":193},"27":{"loc":{"start":{"line":193,"column":12},"end":{"line":193,"column":53}},"type":"binary-expr","locations":[{"start":{"line":193,"column":12},"end":{"line":193,"column":31}},{"start":{"line":193,"column":35},"end":{"line":193,"column":53}}],"line":193},"28":{"loc":{"start":{"line":202,"column":8},"end":{"line":202,"column":57}},"type":"if","locations":[{"start":{"line":202,"column":8},"end":{"line":202,"column":57}},{"start":{"line":202,"column":8},"end":{"line":202,"column":57}}],"line":202},"29":{"loc":{"start":{"line":204,"column":8},"end":{"line":204,"column":40}},"type":"if","locations":[{"start":{"line":204,"column":8},"end":{"line":204,"column":40}},{"start":{"line":204,"column":8},"end":{"line":204,"column":40}}],"line":204},"30":{"loc":{"start":{"line":227,"column":8},"end":{"line":229,"column":9}},"type":"if","locations":[{"start":{"line":227,"column":8},"end":{"line":229,"column":9}},{"start":{"line":227,"column":8},"end":{"line":229,"column":9}}],"line":227}},"s":{"0":0,"1":0,"2":0,"3":0,"4":0,"5":0,"6":0,"7":0,"8":0,"9":0,"10":0,"11":0,"12":0,"13":0,"14":0,"15":0,"16":0,"17":0,"18":0,"19":0,"20":0,"21":0,"22":0,"23":0,"24":0,"25":0,"26":0,"27":0,"28":0,"29":0,"30":0,"31":0,"32":0,"33":0,"34":0,"35":0,"36":0,"37":0,"38":0,"39":0,"40":0,"41":0,"42":0,"43":0,"44":0,"45":0,"46":0,"47":0,"48":0,"49":0,"50":0,"51":0,"52":0,"53":0,"54":0,"55":0,"56":0,"57":0,"58":0,"59":0,"60":0,"61":0,"62":0,"63":0,"64":0,"65":0,"66":0,"67":0,"68":0,"69":0,"70":0,"71":0,"72":0,"73":0,"74":0,"75":0,"76":0,"77":0,"78":0,"79":0,"80":0,"81":0,"82":0,"83":0,"84":0,"85":0,"86":0,"87":0,"88":0,"89":0,"90":0,"91":0,"92":0,"93":0,"94":0,"95":0,"96":0,"97":0,"98":0,"99":0,"100":0,"101":0,"102":0,"103":0,"104":0,"105":0,"106":0},"f":{"0":0,"1":0,"2":0,"3":0,"4":0,"5":0,"6":0,"7":0,"8":0,"9":0,"10":0,"11":0,"12":0,"13":0,"14":0,"15":0,"16":0,"17":0,"18":0,"19":0,"20":0,"21":0,"22":0,"23":0,"24":0,"25":0,"26":0},"b":{"0":[0,0,0,0],"1":[0,0],"2":[0,0],"3":[0,0],"4":[0,0],"5":[0,0],"6":[0,0],"7":[0,0],"8":[0,0],"9":[0,0],"10":[0,0],"11":[0,0],"12":[0,0],"13":[0,0],"14":[0,0],"15":[0,0],"16":[0,0],"17":[0,0],"18":[0,0],"19":[0,0],"20":[0,0,0,0],"21":[0,0],"22":[0,0],"23":[0,0],"24":[0,0],"25":[0,0],"26":[0,0],"27":[0,0],"28":[0,0],"29":[0,0],"30":[0,0]},"_coverageSchema":"332fd63041d2c1bcb487cc26dd0d5f7d97098a6c","hash":"efcfa3f00bf79ec7d2076ede87b5b5648aa2a5e3"}
,"/Users/aleksandrkozlov/Desktop/react-contextmenu/src/actions.js": {"path":"/Users/aleksandrkozlov/Desktop/react-contextmenu/src/actions.js","statementMap":{"0":{"start":{"line":5,"column":25},"end":{"line":5,"column":49}},"1":{"start":{"line":6,"column":25},"end":{"line":6,"column":49}},"2":{"start":{"line":14,"column":4},"end":{"line":19,"column":5}},"3":{"start":{"line":15,"column":8},"end":{"line":15,"column":68}},"4":{"start":{"line":17,"column":8},"end":{"line":17,"column":52}},"5":{"start":{"line":18,"column":8},"end":{"line":18,"column":60}},"6":{"start":{"line":21,"column":4},"end":{"line":24,"column":5}},"7":{"start":{"line":22,"column":8},"end":{"line":22,"column":36}},"8":{"start":{"line":23,"column":8},"end":{"line":23,"column":28}},"9":{"start":{"line":28,"column":4},"end":{"line":28,"column":82}},"10":{"start":{"line":32,"column":4},"end":{"line":32,"column":82}}},"fnMap":{"0":{"name":"dispatchGlobalEvent","decl":{"start":{"line":9,"column":16},"end":{"line":9,"column":35}},"loc":{"start":{"line":9,"column":70},"end":{"line":25,"column":1}},"line":9},"1":{"name":"showMenu","decl":{"start":{"line":27,"column":16},"end":{"line":27,"column":24}},"loc":{"start":{"line":27,"column":44},"end":{"line":29,"column":1}},"line":27},"2":{"name":"hideMenu","decl":{"start":{"line":31,"column":16},"end":{"line":31,"column":24}},"loc":{"start":{"line":31,"column":44},"end":{"line":33,"column":1}},"line":31}},"branchMap":{"0":{"loc":{"start":{"line":9,"column":53},"end":{"line":9,"column":68}},"type":"default-arg","locations":[{"start":{"line":9,"column":62},"end":{"line":9,"column":68}}],"line":9},"1":{"loc":{"start":{"line":14,"column":4},"end":{"line":19,"column":5}},"type":"if","locations":[{"start":{"line":14,"column":4},"end":{"line":19,"column":5}},{"start":{"line":14,"column":4},"end":{"line":19,"column":5}}],"line":14},"2":{"loc":{"start":{"line":21,"column":4},"end":{"line":24,"column":5}},"type":"if","locations":[{"start":{"line":21,"column":4},"end":{"line":24,"column":5}},{"start":{"line":21,"column":4},"end":{"line":24,"column":5}}],"line":21},"3":{"loc":{"start":{"line":27,"column":25},"end":{"line":27,"column":34}},"type":"default-arg","locations":[{"start":{"line":27,"column":32},"end":{"line":27,"column":34}}],"line":27},"4":{"loc":{"start":{"line":31,"column":25},"end":{"line":31,"column":34}},"type":"default-arg","locations":[{"start":{"line":31,"column":32},"end":{"line":31,"column":34}}],"line":31}},"s":{"0":3,"1":3,"2":16,"3":16,"4":0,"5":0,"6":16,"7":16,"8":16,"9":9,"10":7},"f":{"0":16,"1":9,"2":7},"b":{"0":[16],"1":[16,0],"2":[16,0],"3":[1],"4":[7]},"_coverageSchema":"332fd63041d2c1bcb487cc26dd0d5f7d97098a6c","hash":"28877d019281dc0ed04d5f85d8af37a9f7d22b46"}
,"/Users/aleksandrkozlov/Desktop/react-contextmenu/src/globalEventListener.js": {"path":"/Users/aleksandrkozlov/Desktop/react-contextmenu/src/globalEventListener.js","statementMap":{"0":{"start":{"line":6,"column":8},"end":{"line":6,"column":28}},"1":{"start":{"line":8,"column":8},"end":{"line":11,"column":9}},"2":{"start":{"line":9,"column":12},"end":{"line":9,"column":69}},"3":{"start":{"line":10,"column":12},"end":{"line":10,"column":69}},"4":{"start":{"line":15,"column":8},"end":{"line":17,"column":9}},"5":{"start":{"line":16,"column":12},"end":{"line":16,"column":79}},"6":{"start":{"line":16,"column":48},"end":{"line":16,"column":79}},"7":{"start":{"line":21,"column":8},"end":{"line":23,"column":9}},"8":{"start":{"line":22,"column":12},"end":{"line":22,"column":79}},"9":{"start":{"line":22,"column":48},"end":{"line":22,"column":79}},"10":{"start":{"line":27,"column":19},"end":{"line":27,"column":29}},"11":{"start":{"line":29,"column":8},"end":{"line":32,"column":10}},"12":{"start":{"line":34,"column":8},"end":{"line":34,"column":18}},"13":{"start":{"line":38,"column":8},"end":{"line":40,"column":9}},"14":{"start":{"line":39,"column":12},"end":{"line":39,"column":38}}},"fnMap":{"0":{"name":"(anonymous_0)","decl":{"start":{"line":5,"column":4},"end":{"line":5,"column":5}},"loc":{"start":{"line":5,"column":18},"end":{"line":12,"column":5}},"line":5},"1":{"name":"(anonymous_1)","decl":{"start":{"line":14,"column":22},"end":{"line":14,"column":23}},"loc":{"start":{"line":14,"column":33},"end":{"line":18,"column":5}},"line":14},"2":{"name":"(anonymous_2)","decl":{"start":{"line":20,"column":22},"end":{"line":20,"column":23}},"loc":{"start":{"line":20,"column":33},"end":{"line":24,"column":5}},"line":20},"3":{"name":"(anonymous_3)","decl":{"start":{"line":26,"column":15},"end":{"line":26,"column":16}},"loc":{"start":{"line":26,"column":47},"end":{"line":35,"column":5}},"line":26},"4":{"name":"(anonymous_4)","decl":{"start":{"line":37,"column":17},"end":{"line":37,"column":18}},"loc":{"start":{"line":37,"column":25},"end":{"line":41,"column":5}},"line":37}},"branchMap":{"0":{"loc":{"start":{"line":8,"column":8},"end":{"line":11,"column":9}},"type":"if","locations":[{"start":{"line":8,"column":8},"end":{"line":11,"column":9}},{"start":{"line":8,"column":8},"end":{"line":11,"column":9}}],"line":8},"1":{"loc":{"start":{"line":16,"column":12},"end":{"line":16,"column":79}},"type":"if","locations":[{"start":{"line":16,"column":12},"end":{"line":16,"column":79}},{"start":{"line":16,"column":12},"end":{"line":16,"column":79}}],"line":16},"2":{"loc":{"start":{"line":22,"column":12},"end":{"line":22,"column":79}},"type":"if","locations":[{"start":{"line":22,"column":12},"end":{"line":22,"column":79}},{"start":{"line":22,"column":12},"end":{"line":22,"column":79}}],"line":22},"3":{"loc":{"start":{"line":38,"column":8},"end":{"line":40,"column":9}},"type":"if","locations":[{"start":{"line":38,"column":8},"end":{"line":40,"column":9}},{"start":{"line":38,"column":8},"end":{"line":40,"column":9}}],"line":38},"4":{"loc":{"start":{"line":38,"column":12},"end":{"line":38,"column":36}},"type":"binary-expr","locations":[{"start":{"line":38,"column":12},"end":{"line":38,"column":14}},{"start":{"line":38,"column":18},"end":{"line":38,"column":36}}],"line":38}},"s":{"0":1,"1":1,"2":1,"3":1,"4":8,"5":8,"6":8,"7":6,"8":6,"9":6,"10":7,"11":7,"12":7,"13":7,"14":7},"f":{"0":1,"1":8,"2":6,"3":7,"4":7},"b":{"0":[1,0],"1":[8,0],"2":[6,0],"3":[7,0],"4":[7,7]},"_coverageSchema":"332fd63041d2c1bcb487cc26dd0d5f7d97098a6c","hash":"6aa6dd0bd824c81306e14171e59c8fa1ec0668f4"}
,"/Users/aleksandrkozlov/Desktop/react-contextmenu/src/helpers.js": {"path":"/Users/aleksandrkozlov/Desktop/react-contextmenu/src/helpers.js","statementMap":{"0":{"start":{"line":2,"column":4},"end":{"line":2,"column":57}},"1":{"start":{"line":6,"column":4},"end":{"line":6,"column":59}},"2":{"start":{"line":10,"column":4},"end":{"line":10,"column":51}},"3":{"start":{"line":13,"column":26},"end":{"line":23,"column":1}},"4":{"start":{"line":25,"column":21},"end":{"line":25,"column":23}},"5":{"start":{"line":27,"column":25},"end":{"line":29,"column":1}}},"fnMap":{"0":{"name":"callIfExists","decl":{"start":{"line":1,"column":16},"end":{"line":1,"column":28}},"loc":{"start":{"line":1,"column":44},"end":{"line":3,"column":1}},"line":1},"1":{"name":"hasOwnProp","decl":{"start":{"line":5,"column":16},"end":{"line":5,"column":26}},"loc":{"start":{"line":5,"column":38},"end":{"line":7,"column":1}},"line":5},"2":{"name":"uniqueId","decl":{"start":{"line":9,"column":16},"end":{"line":9,"column":24}},"loc":{"start":{"line":9,"column":27},"end":{"line":11,"column":1}},"line":9}},"branchMap":{"0":{"loc":{"start":{"line":2,"column":11},"end":{"line":2,"column":56}},"type":"binary-expr","locations":[{"start":{"line":2,"column":12},"end":{"line":2,"column":38}},{"start":{"line":2,"column":43},"end":{"line":2,"column":56}}],"line":2},"1":{"loc":{"start":{"line":28,"column":4},"end":{"line":28,"column":85}},"type":"binary-expr","locations":[{"start":{"line":28,"column":4},"end":{"line":28,"column":33}},{"start":{"line":28,"column":37},"end":{"line":28,"column":52}},{"start":{"line":28,"column":56},"end":{"line":28,"column":85}}],"line":28}},"s":{"0":12,"1":14,"2":7,"3":3,"4":3,"5":3},"f":{"0":12,"1":14,"2":7},"b":{"0":[12,12],"1":[3,3,3]},"_coverageSchema":"332fd63041d2c1bcb487cc26dd0d5f7d97098a6c","hash":"da6391e3b55516b89c9c837a37779bb09fb4cd9f"}
}
