TN:
SF:/Users/aleksandrkozlov/Desktop/react-contextmenu/src/AbstractMenu.js
FN:11,(anonymous_0)
FN:21,(anonymous_1)
FN:68,(anonymous_2)
FN:72,(anonymous_3)
FN:79,(anonymous_4)
FN:85,(anonymous_5)
FN:111,findNextEnabledChildIndex
FN:113,(anonymous_7)
FN:145,(anonymous_8)
FN:151,(anonymous_9)
FN:155,(anonymous_10)
FN:155,(anonymous_11)
FN:173,(anonymous_12)
FN:177,(anonymous_13)
FNF:14
FNH:4
FNDA:7,(anonymous_0)
FNDA:2,(anonymous_1)
FNDA:0,(anonymous_2)
FNDA:1,(anonymous_3)
FNDA:0,(anonymous_4)
FNDA:0,(anonymous_5)
FNDA:0,findNextEnabledChildIndex
FNDA:0,(anonymous_7)
FNDA:0,(anonymous_8)
FNDA:0,(anonymous_9)
FNDA:18,(anonymous_10)
FNDA:0,(anonymous_11)
FNDA:0,(anonymous_12)
FNDA:0,(anonymous_13)
DA:12,7
DA:14,7
DA:15,7
DA:24,2
DA:25,0
DA:28,2
DA:31,1
DA:32,1
DA:33,1
DA:35,0
DA:36,0
DA:37,0
DA:39,0
DA:40,0
DA:41,0
DA:43,0
DA:44,0
DA:46,1
DA:47,1
DA:50,1
DA:54,1
DA:57,0
DA:59,1
DA:62,1
DA:69,0
DA:73,1
DA:74,0
DA:75,0
DA:80,0
DA:81,0
DA:82,0
DA:83,0
DA:85,0
DA:88,0
DA:89,0
DA:92,0
DA:94,0
DA:95,0
DA:96,0
DA:97,0
DA:98,0
DA:101,0
DA:105,0
DA:106,0
DA:108,0
DA:112,0
DA:113,0
DA:114,0
DA:115,0
DA:117,0
DA:120,0
DA:121,0
DA:122,0
DA:123,0
DA:127,0
DA:128,0
DA:131,0
DA:134,0
DA:135,0
DA:137,0
DA:138,0
DA:146,0
DA:147,0
DA:152,0
DA:155,18
DA:156,0
DA:157,0
DA:158,0
DA:160,0
DA:161,0
DA:163,0
DA:164,0
DA:166,0
DA:167,0
DA:168,0
DA:170,0
DA:172,0
DA:173,0
DA:174,0
DA:177,0
DA:178,0
LF:81
LH:16
BRDA:24,0,0,0
BRDA:24,0,1,2
BRDA:28,1,0,0
BRDA:28,1,1,1
BRDA:28,1,2,0
BRDA:28,1,3,0
BRDA:28,1,4,0
BRDA:28,1,5,1
BRDA:28,1,6,0
BRDA:50,2,0,1
BRDA:50,2,1,0
BRDA:50,2,2,0
BRDA:54,3,0,0
BRDA:54,3,1,1
BRDA:54,4,0,1
BRDA:54,4,1,0
BRDA:54,4,2,0
BRDA:73,5,0,0
BRDA:73,5,1,1
BRDA:73,6,0,1
BRDA:73,6,1,0
BRDA:88,7,0,0
BRDA:88,7,1,0
BRDA:92,8,0,0
BRDA:92,8,1,0
BRDA:95,9,0,0
BRDA:95,9,1,0
BRDA:96,10,0,0
BRDA:96,10,1,0
BRDA:106,11,0,0
BRDA:106,11,1,0
BRDA:114,12,0,0
BRDA:114,12,1,0
BRDA:120,13,0,0
BRDA:120,13,1,0
BRDA:122,14,0,0
BRDA:122,14,1,0
BRDA:129,15,0,0
BRDA:129,15,1,0
BRDA:131,16,0,0
BRDA:131,16,1,0
BRDA:137,17,0,0
BRDA:137,17,1,0
BRDA:146,18,0,0
BRDA:146,18,1,0
BRDA:157,19,0,0
BRDA:157,19,1,0
BRDA:158,20,0,0
BRDA:158,20,1,0
BRDA:164,21,0,0
BRDA:164,21,1,0
BRDA:166,22,0,0
BRDA:166,22,1,0
BRDA:170,23,0,0
BRDA:170,23,1,0
BRDA:170,24,0,0
BRDA:170,24,1,0
BRF:57
BRH:8
end_of_record
TN:
SF:/Users/aleksandrkozlov/Desktop/react-contextmenu/src/ContextMenu.js
FN:43,(anonymous_0)
FN:53,(anonymous_1)
FN:57,(anonymous_2)
FN:61,(anonymous_3)
FN:64,(anonymous_4)
FN:71,(anonymous_5)
FN:80,(anonymous_6)
FN:88,(anonymous_7)
FN:96,(anonymous_8)
FN:105,(anonymous_9)
FN:114,(anonymous_10)
FN:124,(anonymous_11)
FN:132,(anonymous_12)
FN:136,(anonymous_13)
FN:149,(anonymous_14)
FN:156,(anonymous_15)
FN:162,(anonymous_16)
FN:192,(anonymous_17)
FN:225,(anonymous_18)
FN:229,(anonymous_19)
FNF:20
FNH:13
FNDA:7,(anonymous_0)
FNDA:0,(anonymous_1)
FNDA:7,(anonymous_2)
FNDA:11,(anonymous_3)
FNDA:0,(anonymous_4)
FNDA:0,(anonymous_5)
FNDA:0,(anonymous_6)
FNDA:7,(anonymous_7)
FNDA:6,(anonymous_8)
FNDA:12,(anonymous_9)
FNDA:8,(anonymous_10)
FNDA:6,(anonymous_11)
FNDA:1,(anonymous_12)
FNDA:1,(anonymous_13)
FNDA:0,(anonymous_14)
FNDA:2,(anonymous_15)
FNDA:0,(anonymous_16)
FNDA:0,(anonymous_17)
FNDA:14,(anonymous_18)
FNDA:18,(anonymous_19)
DA:34,1
DA:35,0
DA:36,5
DA:44,7
DA:46,7
DA:54,0
DA:58,7
DA:62,11
DA:63,11
DA:64,6
DA:65,0
DA:67,0
DA:71,0
DA:72,0
DA:73,0
DA:74,0
DA:75,0
DA:76,0
DA:80,5
DA:81,0
DA:82,0
DA:83,0
DA:89,7
DA:90,7
DA:93,7
DA:97,6
DA:98,6
DA:99,6
DA:100,6
DA:101,6
DA:102,6
DA:106,12
DA:107,12
DA:108,12
DA:109,12
DA:110,12
DA:111,12
DA:115,8
DA:117,6
DA:119,6
DA:120,6
DA:121,6
DA:125,6
DA:126,5
DA:127,5
DA:128,5
DA:133,1
DA:137,1
DA:139,1
DA:146,1
DA:150,0
DA:151,0
DA:153,0
DA:157,2
DA:158,2
DA:163,0
DA:168,0
DA:170,0
DA:171,0
DA:173,0
DA:174,0
DA:177,0
DA:178,0
DA:181,0
DA:182,0
DA:185,0
DA:186,0
DA:189,0
DA:193,0
DA:198,0
DA:200,0
DA:201,0
DA:204,0
DA:206,0
DA:207,0
DA:210,0
DA:211,0
DA:214,0
DA:215,0
DA:218,0
DA:219,0
DA:222,0
DA:226,14
DA:230,18
DA:231,18
DA:232,18
DA:237,18
DA:241,18
LF:88
LH:45
BRDA:62,0,0,11
BRDA:62,0,1,0
BRDA:63,1,0,6
BRDA:63,1,1,5
BRDA:67,2,0,0
BRDA:67,2,1,0
BRDA:72,3,0,0
BRDA:72,3,1,0
BRDA:81,4,0,0
BRDA:81,4,1,0
BRDA:89,5,0,7
BRDA:89,5,1,0
BRDA:99,6,0,6
BRDA:99,6,1,0
BRDA:100,7,0,6
BRDA:100,7,1,0
BRDA:102,8,0,6
BRDA:102,8,1,0
BRDA:115,9,0,2
BRDA:115,9,1,6
BRDA:115,10,0,8
BRDA:115,10,1,7
BRDA:125,11,0,5
BRDA:125,11,1,1
BRDA:125,12,0,6
BRDA:125,12,1,5
BRDA:125,12,2,5
BRDA:125,12,3,0
BRDA:133,13,0,1
BRDA:133,13,1,0
BRDA:146,14,0,1
BRDA:146,14,1,0
BRDA:150,15,0,0
BRDA:150,15,1,0
BRDA:157,16,0,2
BRDA:157,16,1,0
BRDA:157,17,0,2
BRDA:157,17,1,1
BRDA:162,18,0,0
BRDA:162,19,0,0
BRDA:168,20,0,0
BRDA:168,20,1,0
BRDA:173,21,0,0
BRDA:173,21,1,0
BRDA:177,22,0,0
BRDA:177,22,1,0
BRDA:181,23,0,0
BRDA:181,23,1,0
BRDA:182,24,0,0
BRDA:182,24,1,0
BRDA:185,25,0,0
BRDA:185,25,1,0
BRDA:186,26,0,0
BRDA:186,26,1,0
BRDA:192,27,0,0
BRDA:192,28,0,0
BRDA:198,29,0,0
BRDA:198,29,1,0
BRDA:206,30,0,0
BRDA:206,30,1,0
BRDA:210,31,0,0
BRDA:210,31,1,0
BRDA:214,32,0,0
BRDA:214,32,1,0
BRDA:215,33,0,0
BRDA:215,33,1,0
BRDA:218,34,0,0
BRDA:218,34,1,0
BRDA:219,35,0,0
BRDA:219,35,1,0
BRF:70
BRH:21
end_of_record
TN:
SF:/Users/aleksandrkozlov/Desktop/react-contextmenu/src/MenuItem.js
FN:32,(anonymous_0)
FN:33,(anonymous_1)
FN:38,(anonymous_2)
FN:57,(anonymous_3)
FN:83,(anonymous_4)
FNF:5
FNH:1
FNDA:0,(anonymous_0)
FNDA:0,(anonymous_1)
FNDA:0,(anonymous_2)
FNDA:1,(anonymous_3)
FNDA:0,(anonymous_4)
DA:31,0
DA:32,0
DA:33,0
DA:39,0
DA:40,0
DA:43,0
DA:45,0
DA:52,0
DA:54,0
DA:65,1
DA:67,1
DA:78,1
DA:83,0
LF:13
LH:3
BRDA:39,0,0,0
BRDA:39,0,1,0
BRDA:39,1,0,0
BRDA:39,1,1,0
BRDA:43,2,0,0
BRDA:43,2,1,0
BRDA:43,3,0,0
BRDA:43,3,1,0
BRDA:52,4,0,0
BRDA:52,4,1,0
BRDA:81,5,0,0
BRDA:81,5,1,1
BRDA:82,6,0,0
BRDA:82,6,1,1
BRDA:86,7,0,0
BRDA:86,7,1,1
BRF:16
BRH:3
end_of_record
TN:
SF:/Users/aleksandrkozlov/Desktop/react-contextmenu/src/SubMenu.js
FN:35,(anonymous_0)
FN:36,(anonymous_1)
FN:38,(anonymous_2)
FN:39,(anonymous_3)
FN:42,(anonymous_4)
FN:50,(anonymous_5)
FN:51,(anonymous_6)
FN:54,(anonymous_7)
FN:58,(anonymous_8)
FN:66,(anonymous_9)
FN:70,(anonymous_10)
FN:90,(anonymous_11)
FN:103,(anonymous_12)
FN:115,(anonymous_13)
FN:135,(anonymous_14)
FN:155,(anonymous_15)
FN:160,(anonymous_16)
FN:173,(anonymous_17)
FN:190,(anonymous_18)
FN:195,(anonymous_19)
FN:201,(anonymous_20)
FN:206,(anonymous_21)
FN:212,(anonymous_22)
FN:216,(anonymous_23)
FN:220,(anonymous_24)
FN:225,(anonymous_25)
FN:232,(anonymous_26)
FNF:27
FNH:0
FNDA:0,(anonymous_0)
FNDA:0,(anonymous_1)
FNDA:0,(anonymous_2)
FNDA:0,(anonymous_3)
FNDA:0,(anonymous_4)
FNDA:0,(anonymous_5)
FNDA:0,(anonymous_6)
FNDA:0,(anonymous_7)
FNDA:0,(anonymous_8)
FNDA:0,(anonymous_9)
FNDA:0,(anonymous_10)
FNDA:0,(anonymous_11)
FNDA:0,(anonymous_12)
FNDA:0,(anonymous_13)
FNDA:0,(anonymous_14)
FNDA:0,(anonymous_15)
FNDA:0,(anonymous_16)
FNDA:0,(anonymous_17)
FNDA:0,(anonymous_18)
FNDA:0,(anonymous_19)
FNDA:0,(anonymous_20)
FNDA:0,(anonymous_21)
FNDA:0,(anonymous_22)
FNDA:0,(anonymous_23)
FNDA:0,(anonymous_24)
FNDA:0,(anonymous_25)
FNDA:0,(anonymous_26)
DA:35,0
DA:36,0
DA:38,0
DA:39,0
DA:43,0
DA:45,0
DA:51,0
DA:55,0
DA:59,0
DA:63,0
DA:67,0
DA:68,0
DA:69,0
DA:70,0
DA:71,0
DA:75,0
DA:76,0
DA:77,0
DA:78,0
DA:80,0
DA:81,0
DA:82,0
DA:83,0
DA:84,0
DA:86,0
DA:87,0
DA:90,0
DA:91,0
DA:92,0
DA:93,0
DA:94,0
DA:95,0
DA:96,0
DA:98,0
DA:99,0
DA:104,0
DA:105,0
DA:108,0
DA:110,0
DA:112,0
DA:116,0
DA:117,0
DA:118,0
DA:120,0
DA:121,0
DA:123,0
DA:126,0
DA:127,0
DA:129,0
DA:132,0
DA:136,0
DA:137,0
DA:138,0
DA:140,0
DA:141,0
DA:143,0
DA:146,0
DA:147,0
DA:149,0
DA:152,0
DA:156,0
DA:157,0
DA:162,0
DA:163,0
DA:166,0
DA:167,0
DA:169,0
DA:170,0
DA:174,0
DA:176,0
DA:178,0
DA:185,0
DA:187,0
DA:191,0
DA:193,0
DA:195,0
DA:202,0
DA:204,0
DA:206,0
DA:213,0
DA:217,0
DA:221,0
DA:222,0
DA:226,0
DA:227,0
DA:228,0
DA:233,0
DA:234,0
DA:235,0
DA:244,0
DA:254,0
DA:265,0
LF:92
LH:0
BRDA:59,0,0,0
BRDA:59,0,1,0
BRDA:59,0,2,0
BRDA:59,0,3,0
BRDA:61,1,0,0
BRDA:61,1,1,0
BRDA:62,2,0,0
BRDA:62,2,1,0
BRDA:67,3,0,0
BRDA:67,3,1,0
BRDA:68,4,0,0
BRDA:68,4,1,0
BRDA:68,5,0,0
BRDA:68,5,1,0
BRDA:69,6,0,0
BRDA:69,6,1,0
BRDA:71,7,0,0
BRDA:71,7,1,0
BRDA:80,8,0,0
BRDA:80,8,1,0
BRDA:81,9,0,0
BRDA:81,9,1,0
BRDA:82,10,0,0
BRDA:82,10,1,0
BRDA:83,11,0,0
BRDA:83,11,1,0
BRDA:104,12,0,0
BRDA:104,12,1,0
BRDA:108,13,0,0
BRDA:108,13,1,0
BRDA:110,14,0,0
BRDA:110,14,1,0
BRDA:120,15,0,0
BRDA:120,15,1,0
BRDA:126,16,0,0
BRDA:126,16,1,0
BRDA:140,17,0,0
BRDA:140,17,1,0
BRDA:146,18,0,0
BRDA:146,18,1,0
BRDA:162,19,0,0
BRDA:162,19,1,0
BRDA:162,20,0,0
BRDA:162,20,1,0
BRDA:162,20,2,0
BRDA:162,20,3,0
BRDA:166,21,0,0
BRDA:166,21,1,0
BRDA:176,22,0,0
BRDA:176,22,1,0
BRDA:185,23,0,0
BRDA:185,23,1,0
BRDA:185,24,0,0
BRDA:185,24,1,0
BRDA:191,25,0,0
BRDA:191,25,1,0
BRDA:193,26,0,0
BRDA:193,26,1,0
BRDA:193,27,0,0
BRDA:193,27,1,0
BRDA:202,28,0,0
BRDA:202,28,1,0
BRDA:204,29,0,0
BRDA:204,29,1,0
BRDA:227,30,0,0
BRDA:227,30,1,0
BRF:66
BRH:0
end_of_record
TN:
SF:/Users/aleksandrkozlov/Desktop/react-contextmenu/src/actions.js
FN:9,dispatchGlobalEvent
FN:27,showMenu
FN:31,hideMenu
FNF:3
FNH:3
FNDA:16,dispatchGlobalEvent
FNDA:9,showMenu
FNDA:7,hideMenu
DA:5,3
DA:6,3
DA:14,16
DA:15,16
DA:17,0
DA:18,0
DA:21,16
DA:22,16
DA:23,16
DA:28,9
DA:32,7
LF:11
LH:9
BRDA:9,0,0,16
BRDA:14,1,0,16
BRDA:14,1,1,0
BRDA:21,2,0,16
BRDA:21,2,1,0
BRDA:27,3,0,1
BRDA:31,4,0,7
BRF:7
BRH:5
end_of_record
TN:
SF:/Users/aleksandrkozlov/Desktop/react-contextmenu/src/globalEventListener.js
FN:5,(anonymous_0)
FN:14,(anonymous_1)
FN:20,(anonymous_2)
FN:26,(anonymous_3)
FN:37,(anonymous_4)
FNF:5
FNH:5
FNDA:1,(anonymous_0)
FNDA:8,(anonymous_1)
FNDA:6,(anonymous_2)
FNDA:7,(anonymous_3)
FNDA:7,(anonymous_4)
DA:6,1
DA:8,1
DA:9,1
DA:10,1
DA:15,8
DA:16,8
DA:21,6
DA:22,6
DA:27,7
DA:29,7
DA:34,7
DA:38,7
DA:39,7
LF:13
LH:13
BRDA:8,0,0,1
BRDA:8,0,1,0
BRDA:16,1,0,8
BRDA:16,1,1,0
BRDA:22,2,0,6
BRDA:22,2,1,0
BRDA:38,3,0,7
BRDA:38,3,1,0
BRDA:38,4,0,7
BRDA:38,4,1,7
BRF:10
BRH:6
end_of_record
TN:
SF:/Users/aleksandrkozlov/Desktop/react-contextmenu/src/helpers.js
FN:1,callIfExists
FN:5,hasOwnProp
FN:9,uniqueId
FNF:3
FNH:3
FNDA:12,callIfExists
FNDA:14,hasOwnProp
FNDA:7,uniqueId
DA:2,12
DA:6,14
DA:10,7
DA:13,3
DA:25,3
DA:27,3
LF:6
LH:6
BRDA:2,0,0,12
BRDA:2,0,1,12
BRDA:28,1,0,3
BRDA:28,1,1,3
BRDA:28,1,2,3
BRF:5
BRH:5
end_of_record
